2021-04-16 08:24:09|   0.0|  0.0|INFORM|FME 2020.2.0.0 (20201027 - Build 20787 - WIN64)
2021-04-16 08:24:09|   0.0|  0.0|INFORM|FME_HOME is 'C:\Program Files\FME\'
2021-04-16 08:24:09|   0.1|  0.0|INFORM|FME Database Edition (floating)
2021-04-16 08:24:09|   0.1|  0.0|INFORM|Permanent License.
2021-04-16 08:24:09|   0.1|  0.0|INFORM|Machine host name is: OL101019
2021-04-16 08:24:09|   0.1|  0.0|INFORM|START - ProcessID: 21896, peak process memory usage: 40956 kB, current process memory usage: 40956 kB
2021-04-16 08:24:09|   0.1|  0.0|INFORM|FME Configuration: Command line arguments are `C:\Program Files\FME\fme.exe' `C:/DB/LDS_Raster\wb-xlate-1618518246713_21900' `LOG_STANDARDOUT' `YES' `LogCountServerName' `{ebc1b0f0-6afe-4ac9-b2a0-351c2e4a48a2}'
2021-04-16 08:24:09|   0.1|  0.0|INFORM|FME Configuration: Connection Storage: 'C:\Users\DPark\AppData\Roaming\Safe Software\FME\'
2021-04-16 08:24:11|   0.7|  0.6|INFORM|Shared folders for formats are : C:\Program Files\FME\datasources;\\ad.linz.govt.nz\dfs\opa\redirectedfolders\DPark\Documents\FME\Formats
2021-04-16 08:24:11|   0.7|  0.0|INFORM|Shared folders for transformers are : C:\Users\DPark\AppData\Roaming\Safe Software\FME\Packages\20787-win64\transformers;C:\Program Files\FME\transformers;C:\Users\DPark\AppData\Roaming\Safe Software\FME\FME Store\Transformers
2021-04-16 08:24:11|   0.7|  0.0|INFORM|Shared folders for coordinate systems are : \\ad.linz.govt.nz\dfs\opa\redirectedfolders\DPark\Documents\FME\CoordinateSystems
2021-04-16 08:24:11|   0.7|  0.0|INFORM|Shared folders for coordinate system exceptions are : \\ad.linz.govt.nz\dfs\opa\redirectedfolders\DPark\Documents\FME\CoordinateSystemExceptions
2021-04-16 08:24:11|   0.7|  0.0|INFORM|Shared folders for coordinate system grid overrides are : \\ad.linz.govt.nz\dfs\opa\redirectedfolders\DPark\Documents\FME\CoordinateSystemGridOverrides
2021-04-16 08:24:11|   0.7|  0.0|INFORM|Shared folders for CS-MAP transformation exceptions are : \\ad.linz.govt.nz\dfs\opa\redirectedfolders\DPark\Documents\FME\CsmapTransformationExceptions
2021-04-16 08:24:11|   0.7|  0.0|INFORM|Shared folders for transformer categories are : \\ad.linz.govt.nz\dfs\opa\redirectedfolders\DPark\Documents\FME\TransformerCategories
2021-04-16 08:24:11|   0.7|  0.0|INFORM|FME Configuration: Reader Keyword is `MULTI_READER'
2021-04-16 08:24:11|   0.7|  0.0|INFORM|FME Configuration: Writer Keyword is `WBROUTER_OUT'
2021-04-16 08:24:11|   0.7|  0.0|INFORM|FME Configuration: Writer Group Definition Keyword is `WBROUTER_OUT_DEF'
2021-04-16 08:24:11|   0.7|  0.0|INFORM|FME Configuration: Reader type is `MULTI_READER'
2021-04-16 08:24:11|   0.7|  0.0|INFORM|FME Configuration: Writer type is `NULL'
2021-04-16 08:24:11|   0.7|  0.0|INFORM|FME Configuration: No destination coordinate system set
2021-04-16 08:24:11|   0.7|  0.0|INFORM|FME Configuration: Current working folder is `C:\DB\LDS_Raster'
2021-04-16 08:24:11|   0.7|  0.0|INFORM|FME Configuration: Temporary folder is `C:\Users\DPark\AppData\Local\Temp\wbrun_1618515030596_21900\fmetmp_1618518247904_21900', set from environment variable `FME_TEMP'
2021-04-16 08:24:11|   0.7|  0.0|INFORM|FME Configuration: FME_HOME is `C:\Program Files\FME\'
2021-04-16 08:24:11|   0.7|  0.0|INFORM|FME Configuration: FME_BASE is 'no'
2021-04-16 08:24:11|   0.7|  0.0|INFORM|FME Configuration: FME_MF_DIR is 'C:\DB\LDS_Raster/'
2021-04-16 08:24:11|   0.7|  0.0|INFORM|FME Configuration: FME_MF_NAME is 'bsb2none.fmw'
2021-04-16 08:24:11|   0.7|  0.0|INFORM|FME Configuration: FME_PRODUCT_NAME is 'FME(R) 2020.2.0.0'
2021-04-16 08:24:11|   0.7|  0.0|INFORM|System Status: 127.16 GB of disk space available in the FME temporary folder (C:\Users\DPark\AppData\Local\Temp\wbrun_1618515030596_21900\fmetmp_1618518247904_21900)
2021-04-16 08:24:11|   0.7|  0.0|INFORM|System Status: 31.86 GB of physical memory available
2021-04-16 08:24:11|   0.7|  0.0|INFORM|System Status: 127.43 GB of virtual memory available
2021-04-16 08:24:11|   0.7|  0.0|INFORM|Operating System: Microsoft Windows 10 64-bit  (Build 18362)
2021-04-16 08:24:11|   0.7|  0.0|INFORM|FME Platform: WIN64
2021-04-16 08:24:11|   0.7|  0.0|INFORM|Locale: en_NZ
2021-04-16 08:24:11|   0.7|  0.0|INFORM|System Encoding: windows-1252
2021-04-16 08:24:11|   0.7|  0.0|INFORM|FME Configuration: Start freeing memory when the process exceeds 95.57 GB
2021-04-16 08:24:11|   0.7|  0.0|INFORM|FME Configuration: Stop freeing memory when the process is below 71.68 GB
2021-04-16 08:24:11|   0.7|  0.0|INFORM|Creating writer for format: NULL (Nothing)
2021-04-16 08:24:11|   0.7|  0.0|INFORM|Trying to find a DYNAMIC plugin for writer named `NULL'
2021-04-16 08:24:11|   0.7|  0.0|INFORM|Loaded module 'NULL' from file 'C:\Program Files\FME\plugins/NULL.dll'
2021-04-16 08:24:11|   0.7|  0.0|INFORM|FME API version of module 'NULL' matches current internal version (3.8 20200115)
2021-04-16 08:24:11|   0.8|  0.0|INFORM|Creating reader for format: 
2021-04-16 08:24:11|   0.8|  0.0|INFORM|MULTI_READER(MULTI_READER): Will fail with first member reader failure
2021-04-16 08:24:11|   0.8|  0.0|INFORM|MULTI_READER(MULTI_READER): Adding BSB Reader with keyword BSB_1
2021-04-16 08:24:11|   0.8|  0.0|INFORM|Using Multi Reader with keyword `MULTI_READER' to read multiple datasets
2021-04-16 08:24:12|   0.8|  0.0|INFORM|Creating reader for format: Maptech BSB Nautical Chart
2021-04-16 08:24:12|   0.8|  0.0|INFORM|Trying to find a DYNAMIC plugin for reader named `BSB'
2021-04-16 08:24:12|   0.8|  0.0|INFORM|FME Configuration: Source coordinate system for reader BSB_1[BSB] set to `LL-WGS84'
2021-04-16 08:24:12|   0.8|  0.0|INFORM|Coordinate System `LL-WGS84' parameters: CS_NAME=`LL-WGS84' DESC_NM=`WGS84 Lat/Longs' DT_NAME=`WGS84' GROUP=`LL' MAP_SCL=`1' PROJ=`LL' QUAD=`1' SCL_RED=`1' UNIT=`DEGREE'
2021-04-16 08:24:12|   0.8|  0.0|INFORM|Loaded module 'BSB' from file 'C:\Program Files\FME\plugins/gdal/GDAL.dll'
2021-04-16 08:24:12|   0.8|  0.0|INFORM|FME API version of module 'BSB' matches current internal version (3.8 20200115)
2021-04-16 08:24:12|   0.8|  0.0|INFORM|FME Configuration: Using FME Reprojection Engine
2021-04-16 08:24:12|   0.8|  0.0|INFORM|Reprojected search envelope from (1592.1964, -6140106) - (1041529, -4517027) in coordinate system `LL-WGS84' to (1592.1964, -6140106) - (1041529, -4517027) in coordinate system `LL-WGS84'
2021-04-16 08:24:12|   0.8|  0.0|INFORM|BSB reader: Directive '_READ_CHART_CS' has the value 'Yes'
2021-04-16 08:24:12|   0.8|  0.0|INFORM|BSB reader: Opening file 'C:\DB\LDS_Raster\BSB_UPDATE_20201211\BSB_ROOT\NZ24\NZ2401.KAP'
2021-04-16 08:24:12|   0.9|  0.1|INFORM|FME API version of module 'NULL' matches current internal version (3.8 20200115)
2021-04-16 08:24:12|   0.9|  0.0|INFORM|FME API version of module 'NULL' matches current internal version (3.8 20200115)
2021-04-16 08:24:12|   0.9|  0.0|INFORM|Loaded module 'LogCount_func' from file 'C:\Program Files\FME\plugins/LogCount_func.dll'
2021-04-16 08:24:12|   0.9|  0.0|INFORM|FME API version of module 'LogCount_func' matches current internal version (3.8 20200115)
2021-04-16 08:24:12|   0.9|  0.0|INFORM|Loaded module 'InspectorFactory' from file 'C:\Program Files\FME\plugins/InspectorFactory.dll'
2021-04-16 08:24:12|   0.9|  0.0|INFORM|FME API version of module 'InspectorFactory' matches current internal version (3.8 20200115)
2021-04-16 08:24:12|   1.1|  0.1|INFORM|The OGC definition of the FME coordinate system '_FME_0' is 'PROJCS["Global Mercator",GEOGCS["WGS 84",DATUM["WGS_1984",SPHEROID["WGS 84",6378137,298.257223563,AUTHORITY["EPSG","7030"]],AUTHORITY["EPSG","6326"]],PRIMEM["Greenwich",0,AUTHORITY["EPSG","8901"]],UNIT["degree",0.0174532925199433,AUTHORITY["EPSG","9122"]],AUTHORITY["EPSG","4326"]],PROJECTION["Mercator_2SP"],PARAMETER["standard_parallel_1",0],PARAMETER["Latitude of natural origin",0],PARAMETER["central_meridian",160],PARAMETER["false_easting",0],PARAMETER["false_northing",0],UNIT["Meter",1],AXIS["Easting",EAST],AXIS["Northing",NORTH]]'
2021-04-16 08:24:12|   1.2|  0.2|INFORM|The OGC definition of the FME coordinate system 'LL-WGS84' is 'GEOGCS["WGS 84",DATUM["WGS_1984",SPHEROID["WGS 84",6378137,298.257223563,AUTHORITY["EPSG","7030"]],AUTHORITY["EPSG","6326"]],PRIMEM["Greenwich",0,AUTHORITY["EPSG","8901"]],UNIT["degree",0.0174532925199433,AUTHORITY["EPSG","9122"]],AUTHORITY["EPSG","4326"]]'
2021-04-16 08:24:12|   1.2|  0.0|WARN  |NOT changing coordinate system of reader identified by keyword `BSB_1' from `LL-WGS84' to `_FME_0' -- mapping file setting of `LL-WGS84' overrides coordinate system `_FME_0' read from file
2021-04-16 08:24:12|   1.2|  0.0|INFORM|BSB_1ClippingFactoryPipeline::CLIPPER (ClippingFactory): Clipping with an automatic tolerance of 1.2280211999999978e-8
2021-04-16 08:24:12|   1.2|  0.0|WARN  |Clipper: This operation does not preserve Ground Control Points (GCPs).  All existing GCPs will be discarded
2021-04-16 08:24:12|   1.2|  0.0|STATS |Storing feature(s) to FME feature store file `C:\Users\DPark\AppData\Local\Temp\wb-inspectors-urytWV\inspector.ffs'
2021-04-16 08:24:13|   1.6|  0.3|STATS |BSB_1ClippingFactoryPipeline::CLIPPER (ClippingFactory): Group '' had 1 input feature(s): 1 feature(s) were clipped, 0 feature(s) were totally inside and 0 feature(s) were totally outside
2021-04-16 08:24:13|   1.6|  0.0|STATS |BSB_1ClippingFactoryPipeline::CLIPPER (ClippingFactory): Processed 1 input feature(s), of which 1 feature(s) were clipped, 0 feature(s) were totally inside and 0 feature(s) were totally outside
2021-04-16 08:24:13|   1.6|  0.0|INFORM|MULTI_READER(MULTI_READER): Done reading 1 features from 1 readers
2021-04-16 08:24:13|   1.6|  0.0|INFORM|Emptying factory pipeline
2021-04-16 08:24:13|   1.6|  0.0|STATS |Router and Unexpected Input Remover (RoutingFactory): Tested 1 input feature(s), wrote 1 output feature(s): 1 matched merge filters, 1 were routed to output, 0 could not be routed.
2021-04-16 08:24:13|   1.6|  0.0|STATS |Unexpected Input Remover Nuker (TeeFactory): Cloned 0 input feature(s) into 0 output feature(s)
2021-04-16 08:24:13|   1.6|  0.0|STATS |BSB_BSB_1 Splitter (TeeFactory): Cloned 1 input feature(s) into 1 output feature(s)
2021-04-16 08:24:13|   1.6|  0.0|STATS |BSB_BSB_1 Feature Counter -1 29 (TeeFactory): Cloned 1 input feature(s) into 1 output feature(s)
2021-04-16 08:24:13|   1.6|  0.0|STATS |Stored 1 feature(s) to FME feature store file `C:\Users\DPark\AppData\Local\Temp\wb-inspectors-urytWV\inspector.ffs'
2021-04-16 08:24:13|   1.6|  0.0|INFORM|Saving spatial index into file 'C:\Users\DPark\AppData\Local\Temp\wb-inspectors-urytWV\inspector.fsi'
2021-04-16 08:24:13|   1.6|  0.0|INFORM|Finished saving spatial index into file 'C:\Users\DPark\AppData\Local\Temp\wb-inspectors-urytWV\inspector.fsi'
2021-04-16 08:24:13|   1.6|  0.0|STATS |Destination Feature Type Routing Correlator (RoutingFactory): Tested 0 input feature(s), wrote 0 output feature(s): 0 matched merge filters, 0 were routed to output, 0 could not be routed.
2021-04-16 08:24:13|   1.6|  0.0|STATS |Final Output Nuker (TeeFactory): Cloned 0 input feature(s) into 0 output feature(s)
2021-04-16 08:24:13|   1.6|  0.0|STATS |VisualizerProcessor (CreationFactory): Created 1 features
2021-04-16 08:24:13|   1.6|  0.0|STATS |VisualizerCleaner (TeeFactory): Cloned 1 input feature(s) into 0 output feature(s)
2021-04-16 08:24:13|   1.6|  0.0|STATS |=-=-=-=-=-=-=-=-=-=-=-=-=-=-=-=-=-=-=-=-=-=-=-=-=-=-=-=-=-=-=-=-=-=-=-=-=-=-=-
2021-04-16 08:24:13|   1.6|  0.0|STATS |                            Features Read Summary
2021-04-16 08:24:13|   1.6|  0.0|STATS |=-=-=-=-=-=-=-=-=-=-=-=-=-=-=-=-=-=-=-=-=-=-=-=-=-=-=-=-=-=-=-=-=-=-=-=-=-=-=-
2021-04-16 08:24:13|   1.6|  0.0|STATS |BSB                                                                          1
2021-04-16 08:24:13|   1.6|  0.0|STATS |==============================================================================
2021-04-16 08:24:13|   1.6|  0.0|STATS |Total Features Read                                                          1
2021-04-16 08:24:13|   1.6|  0.0|STATS |=-=-=-=-=-=-=-=-=-=-=-=-=-=-=-=-=-=-=-=-=-=-=-=-=-=-=-=-=-=-=-=-=-=-=-=-=-=-=-
2021-04-16 08:24:13|   1.6|  0.0|STATS |=-=-=-=-=-=-=-=-=-=-=-=-=-=-=-=-=-=-=-=-=-=-=-=-=-=-=-=-=-=-=-=-=-=-=-=-=-=-=-
2021-04-16 08:24:13|   1.6|  0.0|STATS |                           Features Written Summary
2021-04-16 08:24:13|   1.6|  0.0|STATS |=-=-=-=-=-=-=-=-=-=-=-=-=-=-=-=-=-=-=-=-=-=-=-=-=-=-=-=-=-=-=-=-=-=-=-=-=-=-=-
2021-04-16 08:24:13|   1.6|  0.0|STATS |==============================================================================
2021-04-16 08:24:13|   1.6|  0.0|STATS |Total Features Written                                                       0
2021-04-16 08:24:13|   1.6|  0.0|STATS |=-=-=-=-=-=-=-=-=-=-=-=-=-=-=-=-=-=-=-=-=-=-=-=-=-=-=-=-=-=-=-=-=-=-=-=-=-=-=-
2021-04-16 08:24:13|   1.6|  0.0|WARN  |-~-~-~-~-~-~-~-~-~-~-~-~-~-~-~-~-~-~-~-~-~-~-~-~-~-~-~-~-~-~-~-~-~-~-~-~-~-~-~-~-
2021-04-16 08:24:13|   1.6|  0.0|WARN  |-~                                                                             ~-
2021-04-16 08:24:13|   1.6|  0.0|WARN  |-~     *** All writer output has been redirected to the Data Inspector ***     ~-
2021-04-16 08:24:13|   1.6|  0.0|WARN  |-~                                                                             ~-
2021-04-16 08:24:13|   1.6|  0.0|WARN  |-~-~-~-~-~-~-~-~-~-~-~-~-~-~-~-~-~-~-~-~-~-~-~-~-~-~-~-~-~-~-~-~-~-~-~-~-~-~-~-~-
2021-04-16 08:24:13|   1.6|  0.0|INFORM|Translation was SUCCESSFUL with 7 warning(s) (0 feature(s) output)
2021-04-16 08:24:13|   1.6|  0.0|INFORM|FME Session Duration: 3.7 seconds. (CPU: 0.5s user, 0.5s system)
2021-04-16 08:24:13|   1.6|  0.0|INFORM|END - ProcessID: 21896, peak process memory usage: 182088 kB, current process memory usage: 111680 kB
