2021-06-02 08:46:20|   0.0|  0.0|INFORM|FME 2020.2.0.0 (20201027 - Build 20787 - WIN64)
2021-06-02 08:46:20|   0.0|  0.0|INFORM|FME_HOME is 'C:\Program Files\FME\'
2021-06-02 08:46:21|   0.1|  0.0|INFORM|FME Database Edition (floating)
2021-06-02 08:46:21|   0.1|  0.0|INFORM|Permanent License.
2021-06-02 08:46:21|   0.1|  0.0|INFORM|Machine host name is: OL101019
2021-06-02 08:46:21|   0.1|  0.0|INFORM|START - ProcessID: 14612, peak process memory usage: 41348 kB, current process memory usage: 41348 kB
2021-06-02 08:46:21|   0.1|  0.0|INFORM|FME Configuration: Command line arguments are `C:\Program Files\FME\fme.exe' `C:/DB/LDS_Raster\wb-xlate-1622580378531_19476' `LOG_STANDARDOUT' `YES' `LogCountServerName' `{1ba36812-5ac0-4135-a4fa-e85ddfeafe35}'
2021-06-02 08:46:21|   0.1|  0.0|INFORM|FME Configuration: Connection Storage: 'C:\Users\DPark\AppData\Roaming\Safe Software\FME\'
2021-06-02 08:46:23|   0.8|  0.8|INFORM|Shared folders for formats are : C:\Program Files\FME\datasources;\\ad.linz.govt.nz\dfs\opa\redirectedfolders\DPark\Documents\FME\Formats
2021-06-02 08:46:23|   0.8|  0.0|INFORM|Shared folders for transformers are : C:\Users\DPark\AppData\Roaming\Safe Software\FME\Packages\20787-win64\transformers;C:\Program Files\FME\transformers;C:\Users\DPark\AppData\Roaming\Safe Software\FME\FME Store\Transformers
2021-06-02 08:46:23|   0.8|  0.0|INFORM|Shared folders for coordinate systems are : \\ad.linz.govt.nz\dfs\opa\redirectedfolders\DPark\Documents\FME\CoordinateSystems
2021-06-02 08:46:23|   0.8|  0.0|INFORM|Shared folders for coordinate system exceptions are : \\ad.linz.govt.nz\dfs\opa\redirectedfolders\DPark\Documents\FME\CoordinateSystemExceptions
2021-06-02 08:46:23|   0.8|  0.0|INFORM|Shared folders for coordinate system grid overrides are : \\ad.linz.govt.nz\dfs\opa\redirectedfolders\DPark\Documents\FME\CoordinateSystemGridOverrides
2021-06-02 08:46:23|   0.8|  0.0|INFORM|Shared folders for CS-MAP transformation exceptions are : \\ad.linz.govt.nz\dfs\opa\redirectedfolders\DPark\Documents\FME\CsmapTransformationExceptions
2021-06-02 08:46:23|   0.8|  0.0|INFORM|Shared folders for transformer categories are : \\ad.linz.govt.nz\dfs\opa\redirectedfolders\DPark\Documents\FME\TransformerCategories
2021-06-02 08:46:23|   0.8|  0.0|INFORM|FME Configuration: Reader Keyword is `MULTI_READER'
2021-06-02 08:46:23|   0.8|  0.0|INFORM|FME Configuration: Writer Keyword is `WBROUTER_OUT'
2021-06-02 08:46:23|   0.8|  0.0|INFORM|FME Configuration: Writer Group Definition Keyword is `WBROUTER_OUT_DEF'
2021-06-02 08:46:23|   0.8|  0.0|INFORM|FME Configuration: Reader type is `MULTI_READER'
2021-06-02 08:46:23|   0.8|  0.0|INFORM|FME Configuration: Writer type is `NULL'
2021-06-02 08:46:23|   0.8|  0.0|INFORM|FME Configuration: No destination coordinate system set
2021-06-02 08:46:23|   0.8|  0.0|INFORM|FME Configuration: Current working folder is `C:\DB\LDS_Raster'
2021-06-02 08:46:23|   0.8|  0.0|INFORM|FME Configuration: Temporary folder is `C:\Users\DPark\AppData\Local\Temp\wbrun_1622577545627_19476\fmetmp_1622580379757_19476', set from environment variable `FME_TEMP'
2021-06-02 08:46:23|   0.8|  0.0|INFORM|FME Configuration: FME_HOME is `C:\Program Files\FME\'
2021-06-02 08:46:23|   0.8|  0.0|INFORM|FME Configuration: FME_BASE is 'no'
2021-06-02 08:46:23|   0.8|  0.0|INFORM|FME Configuration: FME_MF_DIR is 'C:\DB\LDS_Raster/'
2021-06-02 08:46:23|   0.8|  0.0|INFORM|FME Configuration: FME_MF_NAME is 'bsb2geotiff.fmw'
2021-06-02 08:46:23|   0.8|  0.0|INFORM|FME Configuration: FME_PRODUCT_NAME is 'FME(R) 2020.2.0.0'
2021-06-02 08:46:23|   0.8|  0.0|INFORM|System Status: 82.98 GB of disk space available in the FME temporary folder (C:\Users\DPark\AppData\Local\Temp\wbrun_1622577545627_19476\fmetmp_1622580379757_19476)
2021-06-02 08:46:23|   0.8|  0.0|INFORM|System Status: 31.86 GB of physical memory available
2021-06-02 08:46:23|   0.8|  0.0|INFORM|System Status: 127.43 GB of virtual memory available
2021-06-02 08:46:23|   0.8|  0.0|INFORM|Operating System: Microsoft Windows 10 64-bit  (Build 18362)
2021-06-02 08:46:23|   0.8|  0.0|INFORM|FME Platform: WIN64
2021-06-02 08:46:23|   0.8|  0.0|INFORM|Locale: en_NZ
2021-06-02 08:46:23|   0.8|  0.0|INFORM|System Encoding: windows-1252
2021-06-02 08:46:23|   0.8|  0.0|INFORM|FME Configuration: Start freeing memory when the process exceeds 95.57 GB
2021-06-02 08:46:23|   0.8|  0.0|INFORM|FME Configuration: Stop freeing memory when the process is below 71.68 GB
2021-06-02 08:46:23|   0.9|  0.1|INFORM|Creating writer for format: NULL (Nothing)
2021-06-02 08:46:23|   0.9|  0.0|INFORM|Trying to find a DYNAMIC plugin for writer named `NULL'
2021-06-02 08:46:23|   0.9|  0.0|INFORM|Loaded module 'NULL' from file 'C:\Program Files\FME\plugins/NULL.dll'
2021-06-02 08:46:23|   0.9|  0.0|INFORM|FME API version of module 'NULL' matches current internal version (3.8 20200115)
2021-06-02 08:46:23|   0.9|  0.0|INFORM|Creating reader for format: 
2021-06-02 08:46:23|   0.9|  0.0|INFORM|MULTI_READER(MULTI_READER): Will fail with first member reader failure
2021-06-02 08:46:23|   0.9|  0.0|INFORM|MULTI_READER(MULTI_READER): Adding BSB Reader with keyword BSB_1
2021-06-02 08:46:23|   0.9|  0.0|INFORM|MULTI_READER(MULTI_READER): Adding ORACLE_SPATIAL Reader with keyword ORACLE_SPATIAL_1
2021-06-02 08:46:23|   0.9|  0.0|INFORM|Using Multi Reader with keyword `MULTI_READER' to read multiple datasets
2021-06-02 08:46:23|   1.0|  0.1|INFORM|FME Configuration: Reading 51 dataset(s) with BSB reader identified by BSB_1
2021-06-02 08:46:23|   1.0|  0.0|INFORM|Creating reader for format: Maptech BSB Nautical Chart
2021-06-02 08:46:23|   1.0|  0.0|INFORM|MULTI_READER(BSB_1): Will continue past member reader failures
2021-06-02 08:46:23|   1.0|  0.0|INFORM|MULTI_READER(BSB_1): Adding BSB Reader with keyword BSB_1
2021-06-02 08:46:23|   1.0|  0.0|INFORM|Using Multi Reader with keyword `BSB_1' to read multiple datasets
2021-06-02 08:46:23|   1.0|  0.0|INFORM|Creating reader for format: Maptech BSB Nautical Chart
2021-06-02 08:46:23|   1.0|  0.0|INFORM|Trying to find a DYNAMIC plugin for reader named `BSB'
2021-06-02 08:46:23|   1.0|  0.0|INFORM|Loaded module 'BSB' from file 'C:\Program Files\FME\plugins/gdal/GDAL.dll'
2021-06-02 08:46:23|   1.0|  0.0|INFORM|FME API version of module 'BSB' matches current internal version (3.8 20200115)
2021-06-02 08:46:23|   1.0|  0.0|INFORM|BSB reader: Directive '_READ_CHART_CS' has the value 'Yes'
2021-06-02 08:46:23|   1.0|  0.0|INFORM|BSB reader: Opening file 'C:\DB\LDS_Raster\BSB_UPDATE_20201211\BSB_ROOT\NZ14631\NZ1463101.KAP'
2021-06-02 08:46:23|   1.1|  0.1|INFORM|FME API version of module 'NULL' matches current internal version (3.8 20200115)
2021-06-02 08:46:24|   1.1|  0.0|INFORM|FME API version of module 'NULL' matches current internal version (3.8 20200115)
2021-06-02 08:46:24|   1.1|  0.0|INFORM|Loaded module 'LogCount_func' from file 'C:\Program Files\FME\plugins/LogCount_func.dll'
2021-06-02 08:46:24|   1.1|  0.0|INFORM|FME API version of module 'LogCount_func' matches current internal version (3.8 20200115)
2021-06-02 08:46:24|   1.1|  0.0|INFORM|Loaded module 'QueryFactory' from file 'C:\Program Files\FME\plugins/QueryFactory.dll'
2021-06-02 08:46:24|   1.1|  0.0|INFORM|FME API version of module 'QueryFactory' matches current internal version (3.8 20200115)
2021-06-02 08:46:24|   1.1|  0.0|INFORM|Loaded module 'InspectorFactory' from file 'C:\Program Files\FME\plugins/InspectorFactory.dll'
2021-06-02 08:46:24|   1.1|  0.0|INFORM|FME API version of module 'InspectorFactory' matches current internal version (3.8 20200115)
2021-06-02 08:46:24|   1.3|  0.1|INFORM|The OGC definition of the FME coordinate system '_FME_0' is 'PROJCS["Global Mercator",GEOGCS["WGS 84",DATUM["WGS_1984",SPHEROID["WGS 84",6378137,298.257223563,AUTHORITY["EPSG","7030"]],AUTHORITY["EPSG","6326"]],PRIMEM["Greenwich",0,AUTHORITY["EPSG","8901"]],UNIT["degree",0.0174532925199433,AUTHORITY["EPSG","9122"]],AUTHORITY["EPSG","4326"]],PROJECTION["Mercator_2SP"],PARAMETER["standard_parallel_1",0],PARAMETER["Latitude of natural origin",0],PARAMETER["central_meridian",-177],PARAMETER["false_easting",0],PARAMETER["false_northing",0],UNIT["Meter",1],AXIS["Easting",EAST],AXIS["Northing",NORTH]]'
2021-06-02 08:46:24|   1.4|  0.2|INFORM|The OGC definition of the FME coordinate system 'LL-WGS84' is 'GEOGCS["WGS 84",DATUM["WGS_1984",SPHEROID["WGS 84",6378137,298.257223563,AUTHORITY["EPSG","7030"]],AUTHORITY["EPSG","6326"]],PRIMEM["Greenwich",0,AUTHORITY["EPSG","8901"]],UNIT["degree",0.0174532925199433,AUTHORITY["EPSG","9122"]],AUTHORITY["EPSG","4326"]]'
2021-06-02 08:46:24|   1.4|  0.0|INFORM|FME Configuration: Source coordinate system for reader BSB_1[BSB] set to `_FME_0' as read from input data
2021-06-02 08:46:24|   1.4|  0.0|INFORM|Coordinate System `_FME_0' parameters: CS_NAME=`_FME_0' DESC_NM=`Global Mercator' DT_NAME=`WGS84' PARM1=`-177' PROJ=`MRCAT' QUAD=`1' UNIT=`METER'
2021-06-02 08:46:24|   1.5|  0.1|INFORM|FME Configuration: Using connection values from 'DHPD_DEV' for R_1
2021-06-02 08:46:24|   1.5|  0.0|INFORM|Creating reader for format: Oracle Spatial Object
2021-06-02 08:46:24|   1.6|  0.0|INFORM|Performing query against ORACLE_SPATIAL dataset `DHPD_DEV'
2021-06-02 08:46:24|   1.6|  0.0|INFORM|ORACLE Reader: Using Oracle Reader to read tables from database `', server type `ORACLE8i', server name `DHPD', user name `lhsphpd', password `***'
2021-06-02 08:46:24|   1.6|  0.0|INFORM|ORACLE Reader: Using Rich geometry.
2021-06-02 08:46:24|   1.6|  0.0|INFORM|Loaded module 'OCI' from file 'OCI.dll'
2021-06-02 08:46:24|   1.6|  0.1|INFORM|Environment variable ORACLE_HOME is not set.
2021-06-02 08:46:24|   1.6|  0.0|INFORM|Connecting to ORACLE database `DHPD' with user name of `lhsphpd' and password of `***'
2021-06-02 08:46:26|   1.7|  0.1|WARN  |Error connecting to Oracle database: message was `ORA-01017: invalid username/password; logon denied'. (serverType=`ORACLE8i', serverName=`DHPD', userName=`lhsphpd', password=`***', dbname=`')
2021-06-02 08:46:26|   1.7|  0.0|INFORM|Failed to open database with username='lhsphpd', retrying using uppercase username
2021-06-02 08:46:26|   1.7|  0.0|INFORM|Environment variable ORACLE_HOME is not set.
2021-06-02 08:46:26|   1.7|  0.0|INFORM|Connecting to ORACLE database `DHPD' with user name of `LHSPHPD' and password of `***'
2021-06-02 08:46:26|   1.7|  0.0|INFORM|Connected to ORACLE database `DHPD'
2021-06-02 08:46:26|   1.7|  0.0|INFORM|Unable to determine version of Oracle database. (serverType=`ORACLE8i', serverName=`DHPD', userName=`LHSPHPD', password=`***', dbname=`')
2021-06-02 08:46:26|   1.7|  0.0|INFORM|Environment variable ORACLE_HOME is not set.
2021-06-02 08:46:26|   1.8|  0.0|INFORM|Connecting to ORACLE database `DHPD' with user name of `LHSPHPD' and password of `***'
2021-06-02 08:46:26|   1.8|  0.0|INFORM|Connected to ORACLE database `DHPD'
2021-06-02 08:46:26|   1.8|  0.0|INFORM|ORACLE_SPATIAL reader: Building features into bulk mode features
2021-06-02 08:46:26|   1.8|  0.0|INFORM|ORACLE Reader: Executing SQL Statement `select * from panel where panel_id in ( 6386,6388,6543)' to obtain features for feature type `'
2021-06-02 08:46:26|   1.8|  0.0|WARN  |Could not query Metadata table for dimension for geometry column 'LAST_RECUT_BOUNDARY_IN_WGS84' of table '' -- geometry will be assumed to be 2D
2021-06-02 08:46:26|   1.8|  0.0|INFORM|Loaded module 'ociunk_geomedia' from file 'C:\Program Files\FME\plugins/ociunk_geomedia.dll'
2021-06-02 08:46:26|   1.8|  0.1|STATS |Storing feature(s) to FME feature store file `C:\Users\DPark\AppData\Local\Temp\wb-inspectors-GYiQaA\inspector.ffs'
2021-06-02 08:46:27|   2.3|  0.4|INFORM|Creating reader for format: Maptech BSB Nautical Chart
2021-06-02 08:46:27|   2.3|  0.0|INFORM|Trying to find a DYNAMIC plugin for reader named `BSB'
2021-06-02 08:46:27|   2.3|  0.0|INFORM|FME API version of module 'BSB' matches current internal version (3.8 20200115)
2021-06-02 08:46:27|   2.3|  0.0|INFORM|BSB reader: Directive '_READ_CHART_CS' has the value 'Yes'
2021-06-02 08:46:27|   2.3|  0.0|INFORM|BSB reader: Opening file 'C:\DB\LDS_Raster\BSB_UPDATE_20201211\BSB_ROOT\NZ14638\NZ1463801.KAP'
2021-06-02 08:46:27|   2.4|  0.2|INFORM|The OGC definition of the FME coordinate system '_FME_1' is 'PROJCS["Global Mercator",GEOGCS["WGS 84",DATUM["WGS_1984",SPHEROID["WGS 84",6378137,298.257223563,AUTHORITY["EPSG","7030"]],AUTHORITY["EPSG","6326"]],PRIMEM["Greenwich",0,AUTHORITY["EPSG","8901"]],UNIT["degree",0.0174532925199433,AUTHORITY["EPSG","9122"]],AUTHORITY["EPSG","4326"]],PROJECTION["Mercator_2SP"],PARAMETER["standard_parallel_1",0],PARAMETER["Latitude of natural origin",0],PARAMETER["central_meridian",175],PARAMETER["false_easting",0],PARAMETER["false_northing",0],UNIT["Meter",1],AXIS["Easting",EAST],AXIS["Northing",NORTH]]'
2021-06-02 08:46:27|   2.4|  0.0|INFORM|FME Configuration: Source coordinate system for reader BSB_1[BSB] set to `_FME_1' as read from input data
2021-06-02 08:46:27|   2.4|  0.0|INFORM|Coordinate System `_FME_1' parameters: CS_NAME=`_FME_1' DESC_NM=`Global Mercator' DT_NAME=`WGS84' PARM1=`175' PROJ=`MRCAT' QUAD=`1' UNIT=`METER'
2021-06-02 08:46:27|   2.8|  0.4|INFORM|Creating reader for format: Maptech BSB Nautical Chart
2021-06-02 08:46:27|   2.8|  0.0|INFORM|Trying to find a DYNAMIC plugin for reader named `BSB'
2021-06-02 08:46:27|   2.8|  0.0|INFORM|FME API version of module 'BSB' matches current internal version (3.8 20200115)
2021-06-02 08:46:27|   2.8|  0.0|INFORM|BSB reader: Directive '_READ_CHART_CS' has the value 'Yes'
2021-06-02 08:46:27|   2.8|  0.0|INFORM|BSB reader: Opening file 'C:\DB\LDS_Raster\BSB_UPDATE_20201211\BSB_ROOT\NZ23\NZ2301.KAP'
2021-06-02 08:46:28|   3.0|  0.2|INFORM|The OGC definition of the FME coordinate system '_FME_2' is 'PROJCS["Global Mercator",GEOGCS["WGS 84",DATUM["WGS_1984",SPHEROID["WGS 84",6378137,298.257223563,AUTHORITY["EPSG","7030"]],AUTHORITY["EPSG","6326"]],PRIMEM["Greenwich",0,AUTHORITY["EPSG","8901"]],UNIT["degree",0.0174532925199433,AUTHORITY["EPSG","9122"]],AUTHORITY["EPSG","4326"]],PROJECTION["Mercator_2SP"],PARAMETER["standard_parallel_1",0],PARAMETER["Latitude of natural origin",0],PARAMETER["central_meridian",170],PARAMETER["false_easting",0],PARAMETER["false_northing",0],UNIT["Meter",1],AXIS["Easting",EAST],AXIS["Northing",NORTH]]'
2021-06-02 08:46:28|   3.0|  0.0|INFORM|FME Configuration: Source coordinate system for reader BSB_1[BSB] set to `_FME_2' as read from input data
2021-06-02 08:46:28|   3.0|  0.0|INFORM|Coordinate System `_FME_2' parameters: CS_NAME=`_FME_2' DESC_NM=`Global Mercator' DT_NAME=`WGS84' PARM1=`170' PROJ=`MRCAT' QUAD=`1' UNIT=`METER'
2021-06-02 08:46:28|   3.4|  0.4|INFORM|Creating reader for format: Maptech BSB Nautical Chart
2021-06-02 08:46:28|   3.4|  0.0|INFORM|Trying to find a DYNAMIC plugin for reader named `BSB'
2021-06-02 08:46:28|   3.4|  0.0|INFORM|FME API version of module 'BSB' matches current internal version (3.8 20200115)
2021-06-02 08:46:28|   3.4|  0.0|INFORM|BSB reader: Directive '_READ_CHART_CS' has the value 'Yes'
2021-06-02 08:46:28|   3.4|  0.0|INFORM|BSB reader: Opening file 'C:\DB\LDS_Raster\BSB_UPDATE_20201211\BSB_ROOT\NZ24\NZ2401.KAP'
2021-06-02 08:46:28|   3.6|  0.2|INFORM|The OGC definition of the FME coordinate system '_FME_3' is 'PROJCS["Global Mercator",GEOGCS["WGS 84",DATUM["WGS_1984",SPHEROID["WGS 84",6378137,298.257223563,AUTHORITY["EPSG","7030"]],AUTHORITY["EPSG","6326"]],PRIMEM["Greenwich",0,AUTHORITY["EPSG","8901"]],UNIT["degree",0.0174532925199433,AUTHORITY["EPSG","9122"]],AUTHORITY["EPSG","4326"]],PROJECTION["Mercator_2SP"],PARAMETER["standard_parallel_1",0],PARAMETER["Latitude of natural origin",0],PARAMETER["central_meridian",160],PARAMETER["false_easting",0],PARAMETER["false_northing",0],UNIT["Meter",1],AXIS["Easting",EAST],AXIS["Northing",NORTH]]'
2021-06-02 08:46:28|   3.6|  0.0|INFORM|FME Configuration: Source coordinate system for reader BSB_1[BSB] set to `_FME_3' as read from input data
2021-06-02 08:46:28|   3.6|  0.0|INFORM|Coordinate System `_FME_3' parameters: CS_NAME=`_FME_3' DESC_NM=`Global Mercator' DT_NAME=`WGS84' PARM1=`160' PROJ=`MRCAT' QUAD=`1' UNIT=`METER'
2021-06-02 08:46:29|   3.9|  0.4|INFORM|Creating reader for format: Maptech BSB Nautical Chart
2021-06-02 08:46:29|   3.9|  0.0|INFORM|Trying to find a DYNAMIC plugin for reader named `BSB'
2021-06-02 08:46:29|   3.9|  0.0|INFORM|FME API version of module 'BSB' matches current internal version (3.8 20200115)
2021-06-02 08:46:29|   3.9|  0.0|INFORM|BSB reader: Directive '_READ_CHART_CS' has the value 'Yes'
2021-06-02 08:46:29|   3.9|  0.0|INFORM|BSB reader: Opening file 'C:\DB\LDS_Raster\BSB_UPDATE_20201211\BSB_ROOT\NZ25\NZ2501.KAP'
2021-06-02 08:46:29|   4.1|  0.2|INFORM|The OGC definition of the FME coordinate system '_FME_4' is 'PROJCS["Global Mercator",GEOGCS["WGS 84",DATUM["WGS_1984",SPHEROID["WGS 84",6378137,298.257223563,AUTHORITY["EPSG","7030"]],AUTHORITY["EPSG","6326"]],PRIMEM["Greenwich",0,AUTHORITY["EPSG","8901"]],UNIT["degree",0.0174532925199433,AUTHORITY["EPSG","9122"]],AUTHORITY["EPSG","4326"]],PROJECTION["Mercator_2SP"],PARAMETER["standard_parallel_1",0],PARAMETER["Latitude of natural origin",0],PARAMETER["central_meridian",165],PARAMETER["false_easting",0],PARAMETER["false_northing",0],UNIT["Meter",1],AXIS["Easting",EAST],AXIS["Northing",NORTH]]'
2021-06-02 08:46:29|   4.1|  0.0|INFORM|FME Configuration: Source coordinate system for reader BSB_1[BSB] set to `_FME_4' as read from input data
2021-06-02 08:46:29|   4.1|  0.0|INFORM|Coordinate System `_FME_4' parameters: CS_NAME=`_FME_4' DESC_NM=`Global Mercator' DT_NAME=`WGS84' PARM1=`165' PROJ=`MRCAT' QUAD=`1' UNIT=`METER'
2021-06-02 08:46:29|   4.5|  0.4|INFORM|Creating reader for format: Maptech BSB Nautical Chart
2021-06-02 08:46:29|   4.5|  0.0|INFORM|Trying to find a DYNAMIC plugin for reader named `BSB'
2021-06-02 08:46:29|   4.5|  0.0|INFORM|FME API version of module 'BSB' matches current internal version (3.8 20200115)
2021-06-02 08:46:29|   4.5|  0.0|INFORM|BSB reader: Directive '_READ_CHART_CS' has the value 'Yes'
2021-06-02 08:46:29|   4.5|  0.0|INFORM|BSB reader: Opening file 'C:\DB\LDS_Raster\BSB_UPDATE_20201211\BSB_ROOT\NZ26\NZ2601.KAP'
2021-06-02 08:46:29|   4.6|  0.1|INFORM|The OGC definition of the FME coordinate system '_FME_5' is 'PROJCS["Global Mercator",GEOGCS["WGS 84",DATUM["WGS_1984",SPHEROID["WGS 84",6378137,298.257223563,AUTHORITY["EPSG","7030"]],AUTHORITY["EPSG","6326"]],PRIMEM["Greenwich",0,AUTHORITY["EPSG","8901"]],UNIT["degree",0.0174532925199433,AUTHORITY["EPSG","9122"]],AUTHORITY["EPSG","4326"]],PROJECTION["Mercator_2SP"],PARAMETER["standard_parallel_1",0],PARAMETER["Latitude of natural origin",0],PARAMETER["central_meridian",174],PARAMETER["false_easting",0],PARAMETER["false_northing",0],UNIT["Meter",1],AXIS["Easting",EAST],AXIS["Northing",NORTH]]'
2021-06-02 08:46:29|   4.6|  0.0|INFORM|FME Configuration: Source coordinate system for reader BSB_1[BSB] set to `_FME_5' as read from input data
2021-06-02 08:46:29|   4.6|  0.0|INFORM|Coordinate System `_FME_5' parameters: CS_NAME=`_FME_5' DESC_NM=`Global Mercator' DT_NAME=`WGS84' PARM1=`174' PROJ=`MRCAT' QUAD=`1' UNIT=`METER'
2021-06-02 08:46:30|   4.9|  0.3|INFORM|Creating reader for format: Maptech BSB Nautical Chart
2021-06-02 08:46:30|   4.9|  0.0|INFORM|Trying to find a DYNAMIC plugin for reader named `BSB'
2021-06-02 08:46:30|   4.9|  0.0|INFORM|FME API version of module 'BSB' matches current internal version (3.8 20200115)
2021-06-02 08:46:30|   4.9|  0.0|INFORM|BSB reader: Directive '_READ_CHART_CS' has the value 'Yes'
2021-06-02 08:46:30|   4.9|  0.0|INFORM|BSB reader: Opening file 'C:\DB\LDS_Raster\BSB_UPDATE_20201211\BSB_ROOT\NZ4265\NZ426501.KAP'
2021-06-02 08:46:30|   5.1|  0.2|INFORM|The OGC definition of the FME coordinate system '_FME_6' is 'PROJCS["Global Mercator",GEOGCS["WGS 84",DATUM["WGS_1984",SPHEROID["WGS 84",6378137,298.257223563,AUTHORITY["EPSG","7030"]],AUTHORITY["EPSG","6326"]],PRIMEM["Greenwich",0,AUTHORITY["EPSG","8901"]],UNIT["degree",0.0174532925199433,AUTHORITY["EPSG","9122"]],AUTHORITY["EPSG","4326"]],PROJECTION["Mercator_2SP"],PARAMETER["standard_parallel_1",0],PARAMETER["Latitude of natural origin",0],PARAMETER["central_meridian",173],PARAMETER["false_easting",0],PARAMETER["false_northing",0],UNIT["Meter",1],AXIS["Easting",EAST],AXIS["Northing",NORTH]]'
2021-06-02 08:46:30|   5.1|  0.0|INFORM|FME Configuration: Source coordinate system for reader BSB_1[BSB] set to `_FME_6' as read from input data
2021-06-02 08:46:30|   5.1|  0.0|INFORM|Coordinate System `_FME_6' parameters: CS_NAME=`_FME_6' DESC_NM=`Global Mercator' DT_NAME=`WGS84' PARM1=`173' PROJ=`MRCAT' QUAD=`1' UNIT=`METER'
2021-06-02 08:46:30|   5.5|  0.4|INFORM|Creating reader for format: Maptech BSB Nautical Chart
2021-06-02 08:46:30|   5.5|  0.0|INFORM|Trying to find a DYNAMIC plugin for reader named `BSB'
2021-06-02 08:46:30|   5.5|  0.0|INFORM|FME API version of module 'BSB' matches current internal version (3.8 20200115)
2021-06-02 08:46:30|   5.5|  0.0|INFORM|BSB reader: Directive '_READ_CHART_CS' has the value 'Yes'
2021-06-02 08:46:30|   5.5|  0.0|INFORM|BSB reader: Opening file 'C:\DB\LDS_Raster\BSB_UPDATE_20201211\BSB_ROOT\NZ4265\NZ426502.KAP'
2021-06-02 08:46:30|   5.5|  0.0|INFORM|FME Configuration: Source coordinate system for reader BSB_1[BSB] set to `_FME_6' as read from input data
2021-06-02 08:46:30|   5.5|  0.0|INFORM|Coordinate System `_FME_6' parameters: CS_NAME=`_FME_6' DESC_NM=`Global Mercator' DT_NAME=`WGS84' PARM1=`173' PROJ=`MRCAT' QUAD=`1' UNIT=`METER'
2021-06-02 08:46:30|   5.5|  0.0|INFORM|Creating reader for format: Maptech BSB Nautical Chart
2021-06-02 08:46:30|   5.5|  0.0|INFORM|Trying to find a DYNAMIC plugin for reader named `BSB'
2021-06-02 08:46:30|   5.5|  0.0|INFORM|FME API version of module 'BSB' matches current internal version (3.8 20200115)
2021-06-02 08:46:30|   5.5|  0.0|INFORM|BSB reader: Directive '_READ_CHART_CS' has the value 'Yes'
2021-06-02 08:46:30|   5.5|  0.0|INFORM|BSB reader: Opening file 'C:\DB\LDS_Raster\BSB_UPDATE_20201211\BSB_ROOT\NZ4432\NZ443201.KAP'
2021-06-02 08:46:31|   5.7|  0.2|INFORM|The OGC definition of the FME coordinate system '_FME_7' is 'PROJCS["unnamed",GEOGCS["WGS 84",DATUM["WGS_1984",SPHEROID["WGS 84",6378137,298.257223563,AUTHORITY["EPSG","7030"]],AUTHORITY["EPSG","6326"]],PRIMEM["Greenwich",0,AUTHORITY["EPSG","8901"]],UNIT["degree",0.0174532925199433,AUTHORITY["EPSG","9122"]],AUTHORITY["EPSG","4326"]],PROJECTION["Transverse_Mercator"],PARAMETER["latitude_of_origin",0],PARAMETER["central_meridian",174.053333],PARAMETER["scale_factor",1],PARAMETER["false_easting",0],PARAMETER["false_northing",0],UNIT["Meter",1],AXIS["Easting",EAST],AXIS["Northing",NORTH]]'
2021-06-02 08:46:31|   5.7|  0.0|INFORM|FME Configuration: Source coordinate system for reader BSB_1[BSB] set to `_FME_7' as read from input data
2021-06-02 08:46:31|   5.7|  0.0|INFORM|Coordinate System `_FME_7' parameters: CS_NAME=`_FME_7' DT_NAME=`WGS84' PARM1=`174.053333' PROJ=`TM' QUAD=`1' SCL_RED=`1.0000000000' UNIT=`METER'
2021-06-02 08:46:31|   6.1|  0.3|INFORM|Creating reader for format: Maptech BSB Nautical Chart
2021-06-02 08:46:31|   6.1|  0.0|INFORM|Trying to find a DYNAMIC plugin for reader named `BSB'
2021-06-02 08:46:31|   6.1|  0.0|INFORM|FME API version of module 'BSB' matches current internal version (3.8 20200115)
2021-06-02 08:46:31|   6.1|  0.0|INFORM|BSB reader: Directive '_READ_CHART_CS' has the value 'Yes'
2021-06-02 08:46:31|   6.1|  0.0|INFORM|BSB reader: Opening file 'C:\DB\LDS_Raster\BSB_UPDATE_20201211\BSB_ROOT\NZ4432\NZ443202.KAP'
2021-06-02 08:46:31|   6.2|  0.1|INFORM|The OGC definition of the FME coordinate system '_FME_8' is 'PROJCS["unnamed",GEOGCS["WGS 84",DATUM["WGS_1984",SPHEROID["WGS 84",6378137,298.257223563,AUTHORITY["EPSG","7030"]],AUTHORITY["EPSG","6326"]],PRIMEM["Greenwich",0,AUTHORITY["EPSG","8901"]],UNIT["degree",0.0174532925199433,AUTHORITY["EPSG","9122"]],AUTHORITY["EPSG","4326"]],PROJECTION["Transverse_Mercator"],PARAMETER["latitude_of_origin",0],PARAMETER["central_meridian",174.02775],PARAMETER["scale_factor",1],PARAMETER["false_easting",0],PARAMETER["false_northing",0],UNIT["Meter",1],AXIS["Easting",EAST],AXIS["Northing",NORTH]]'
2021-06-02 08:46:31|   6.2|  0.0|INFORM|FME Configuration: Source coordinate system for reader BSB_1[BSB] set to `_FME_8' as read from input data
2021-06-02 08:46:31|   6.2|  0.0|INFORM|Coordinate System `_FME_8' parameters: CS_NAME=`_FME_8' DT_NAME=`WGS84' PARM1=`174.02775' PROJ=`TM' QUAD=`1' SCL_RED=`1.0000000000' UNIT=`METER'
2021-06-02 08:46:32|   6.3|  0.1|INFORM|Creating reader for format: Maptech BSB Nautical Chart
2021-06-02 08:46:32|   6.3|  0.0|INFORM|Trying to find a DYNAMIC plugin for reader named `BSB'
2021-06-02 08:46:32|   6.3|  0.0|INFORM|FME API version of module 'BSB' matches current internal version (3.8 20200115)
2021-06-02 08:46:32|   6.3|  0.0|INFORM|BSB reader: Directive '_READ_CHART_CS' has the value 'Yes'
2021-06-02 08:46:32|   6.3|  0.0|INFORM|BSB reader: Opening file 'C:\DB\LDS_Raster\BSB_UPDATE_20201211\BSB_ROOT\NZ45\NZ4501.KAP'
2021-06-02 08:46:32|   6.4|  0.1|INFORM|FME Configuration: Source coordinate system for reader BSB_1[BSB] set to `_FME_6' as read from input data
2021-06-02 08:46:32|   6.4|  0.0|INFORM|Coordinate System `_FME_6' parameters: CS_NAME=`_FME_6' DESC_NM=`Global Mercator' DT_NAME=`WGS84' PARM1=`173' PROJ=`MRCAT' QUAD=`1' UNIT=`METER'
2021-06-02 08:46:32|   6.6|  0.3|INFORM|Creating reader for format: Maptech BSB Nautical Chart
2021-06-02 08:46:32|   6.6|  0.0|INFORM|Trying to find a DYNAMIC plugin for reader named `BSB'
2021-06-02 08:46:32|   6.6|  0.0|INFORM|FME API version of module 'BSB' matches current internal version (3.8 20200115)
2021-06-02 08:46:32|   6.6|  0.0|INFORM|BSB reader: Directive '_READ_CHART_CS' has the value 'Yes'
2021-06-02 08:46:32|   6.6|  0.0|INFORM|BSB reader: Opening file 'C:\DB\LDS_Raster\BSB_UPDATE_20201211\BSB_ROOT\NZ4632\NZ463201.KAP'
2021-06-02 08:46:32|   6.7|  0.1|INFORM|The OGC definition of the FME coordinate system '_FME_9' is 'PROJCS["unnamed",GEOGCS["WGS 84",DATUM["WGS_1984",SPHEROID["WGS 84",6378137,298.257223563,AUTHORITY["EPSG","7030"]],AUTHORITY["EPSG","6326"]],PRIMEM["Greenwich",0,AUTHORITY["EPSG","8901"]],UNIT["degree",0.0174532925199433,AUTHORITY["EPSG","9122"]],AUTHORITY["EPSG","4326"]],PROJECTION["Transverse_Mercator"],PARAMETER["latitude_of_origin",0],PARAMETER["central_meridian",174.815],PARAMETER["scale_factor",1],PARAMETER["false_easting",0],PARAMETER["false_northing",0],UNIT["Meter",1],AXIS["Easting",EAST],AXIS["Northing",NORTH]]'
2021-06-02 08:46:32|   6.7|  0.0|INFORM|FME Configuration: Source coordinate system for reader BSB_1[BSB] set to `_FME_9' as read from input data
2021-06-02 08:46:32|   6.7|  0.0|INFORM|Coordinate System `_FME_9' parameters: CS_NAME=`_FME_9' DT_NAME=`WGS84' PARM1=`174.815' PROJ=`TM' QUAD=`1' SCL_RED=`1.0000000000' UNIT=`METER'
2021-06-02 08:46:32|   6.9|  0.2|INFORM|Creating reader for format: Maptech BSB Nautical Chart
2021-06-02 08:46:32|   6.9|  0.0|INFORM|Trying to find a DYNAMIC plugin for reader named `BSB'
2021-06-02 08:46:32|   6.9|  0.0|INFORM|FME API version of module 'BSB' matches current internal version (3.8 20200115)
2021-06-02 08:46:32|   6.9|  0.0|INFORM|BSB reader: Directive '_READ_CHART_CS' has the value 'Yes'
2021-06-02 08:46:32|   6.9|  0.0|INFORM|BSB reader: Opening file 'C:\DB\LDS_Raster\BSB_UPDATE_20201211\BSB_ROOT\NZ5124\NZ512401.KAP'
2021-06-02 08:46:32|   7.0|  0.1|INFORM|The OGC definition of the FME coordinate system '_FME_10' is 'PROJCS["unnamed",GEOGCS["WGS 84",DATUM["WGS_1984",SPHEROID["WGS 84",6378137,298.257223563,AUTHORITY["EPSG","7030"]],AUTHORITY["EPSG","6326"]],PRIMEM["Greenwich",0,AUTHORITY["EPSG","8901"]],UNIT["degree",0.0174532925199433,AUTHORITY["EPSG","9122"]],AUTHORITY["EPSG","4326"]],PROJECTION["Transverse_Mercator"],PARAMETER["latitude_of_origin",0],PARAMETER["central_meridian",174.131667],PARAMETER["scale_factor",1],PARAMETER["false_easting",0],PARAMETER["false_northing",0],UNIT["Meter",1],AXIS["Easting",EAST],AXIS["Northing",NORTH]]'
2021-06-02 08:46:32|   7.0|  0.0|INFORM|FME Configuration: Source coordinate system for reader BSB_1[BSB] set to `_FME_10' as read from input data
2021-06-02 08:46:32|   7.0|  0.0|INFORM|Coordinate System `_FME_10' parameters: CS_NAME=`_FME_10' DT_NAME=`WGS84' PARM1=`174.131667' PROJ=`TM' QUAD=`1' SCL_RED=`1.0000000000' UNIT=`METER'
2021-06-02 08:46:33|   7.3|  0.3|INFORM|Creating reader for format: Maptech BSB Nautical Chart
2021-06-02 08:46:33|   7.3|  0.0|INFORM|Trying to find a DYNAMIC plugin for reader named `BSB'
2021-06-02 08:46:33|   7.3|  0.0|INFORM|FME API version of module 'BSB' matches current internal version (3.8 20200115)
2021-06-02 08:46:33|   7.3|  0.0|INFORM|BSB reader: Directive '_READ_CHART_CS' has the value 'Yes'
2021-06-02 08:46:33|   7.3|  0.0|INFORM|BSB reader: Opening file 'C:\DB\LDS_Raster\BSB_UPDATE_20201211\BSB_ROOT\NZ5124\NZ512402.KAP'
2021-06-02 08:46:33|   7.3|  0.1|INFORM|The OGC definition of the FME coordinate system '_FME_11' is 'PROJCS["unnamed",GEOGCS["WGS 84",DATUM["WGS_1984",SPHEROID["WGS 84",6378137,298.257223563,AUTHORITY["EPSG","7030"]],AUTHORITY["EPSG","6326"]],PRIMEM["Greenwich",0,AUTHORITY["EPSG","8901"]],UNIT["degree",0.0174532925199433,AUTHORITY["EPSG","9122"]],AUTHORITY["EPSG","4326"]],PROJECTION["Transverse_Mercator"],PARAMETER["latitude_of_origin",0],PARAMETER["central_meridian",174.030833],PARAMETER["scale_factor",1],PARAMETER["false_easting",0],PARAMETER["false_northing",0],UNIT["Meter",1],AXIS["Easting",EAST],AXIS["Northing",NORTH]]'
2021-06-02 08:46:33|   7.3|  0.0|INFORM|FME Configuration: Source coordinate system for reader BSB_1[BSB] set to `_FME_11' as read from input data
2021-06-02 08:46:33|   7.3|  0.0|INFORM|Coordinate System `_FME_11' parameters: CS_NAME=`_FME_11' DT_NAME=`WGS84' PARM1=`174.030833' PROJ=`TM' QUAD=`1' SCL_RED=`1.0000000000' UNIT=`METER'
2021-06-02 08:46:33|   7.5|  0.2|INFORM|Creating reader for format: Maptech BSB Nautical Chart
2021-06-02 08:46:33|   7.5|  0.0|INFORM|Trying to find a DYNAMIC plugin for reader named `BSB'
2021-06-02 08:46:33|   7.5|  0.0|INFORM|FME API version of module 'BSB' matches current internal version (3.8 20200115)
2021-06-02 08:46:33|   7.5|  0.0|INFORM|BSB reader: Directive '_READ_CHART_CS' has the value 'Yes'
2021-06-02 08:46:33|   7.5|  0.0|INFORM|BSB reader: Opening file 'C:\DB\LDS_Raster\BSB_UPDATE_20201211\BSB_ROOT\NZ5124\NZ512403.KAP'
2021-06-02 08:46:33|   7.6|  0.0|INFORM|The OGC definition of the FME coordinate system '_FME_12' is 'PROJCS["unnamed",GEOGCS["WGS 84",DATUM["WGS_1984",SPHEROID["WGS 84",6378137,298.257223563,AUTHORITY["EPSG","7030"]],AUTHORITY["EPSG","6326"]],PRIMEM["Greenwich",0,AUTHORITY["EPSG","8901"]],UNIT["degree",0.0174532925199433,AUTHORITY["EPSG","9122"]],AUTHORITY["EPSG","4326"]],PROJECTION["Transverse_Mercator"],PARAMETER["latitude_of_origin",0],PARAMETER["central_meridian",174.12125],PARAMETER["scale_factor",1],PARAMETER["false_easting",0],PARAMETER["false_northing",0],UNIT["Meter",1],AXIS["Easting",EAST],AXIS["Northing",NORTH]]'
2021-06-02 08:46:33|   7.6|  0.0|INFORM|FME Configuration: Source coordinate system for reader BSB_1[BSB] set to `_FME_12' as read from input data
2021-06-02 08:46:33|   7.6|  0.0|INFORM|Coordinate System `_FME_12' parameters: CS_NAME=`_FME_12' DT_NAME=`WGS84' PARM1=`174.12125' PROJ=`TM' QUAD=`1' SCL_RED=`1.0000000000' UNIT=`METER'
2021-06-02 08:46:33|   7.6|  0.0|INFORM|Creating reader for format: Maptech BSB Nautical Chart
2021-06-02 08:46:33|   7.6|  0.0|INFORM|Trying to find a DYNAMIC plugin for reader named `BSB'
2021-06-02 08:46:33|   7.6|  0.0|INFORM|FME API version of module 'BSB' matches current internal version (3.8 20200115)
2021-06-02 08:46:33|   7.6|  0.0|INFORM|BSB reader: Directive '_READ_CHART_CS' has the value 'Yes'
2021-06-02 08:46:33|   7.6|  0.0|INFORM|BSB reader: Opening file 'C:\DB\LDS_Raster\BSB_UPDATE_20201211\BSB_ROOT\NZ5124\NZ512501.KAP'
2021-06-02 08:46:33|   7.7|  0.1|INFORM|The OGC definition of the FME coordinate system '_FME_13' is 'PROJCS["unnamed",GEOGCS["WGS 84",DATUM["WGS_1984",SPHEROID["WGS 84",6378137,298.257223563,AUTHORITY["EPSG","7030"]],AUTHORITY["EPSG","6326"]],PRIMEM["Greenwich",0,AUTHORITY["EPSG","8901"]],UNIT["degree",0.0174532925199433,AUTHORITY["EPSG","9122"]],AUTHORITY["EPSG","4326"]],PROJECTION["Transverse_Mercator"],PARAMETER["latitude_of_origin",0],PARAMETER["central_meridian",174.205],PARAMETER["scale_factor",1],PARAMETER["false_easting",0],PARAMETER["false_northing",0],UNIT["Meter",1],AXIS["Easting",EAST],AXIS["Northing",NORTH]]'
2021-06-02 08:46:33|   7.7|  0.0|INFORM|FME Configuration: Source coordinate system for reader BSB_1[BSB] set to `_FME_13' as read from input data
2021-06-02 08:46:33|   7.7|  0.0|INFORM|Coordinate System `_FME_13' parameters: CS_NAME=`_FME_13' DT_NAME=`WGS84' PARM1=`174.205' PROJ=`TM' QUAD=`1' SCL_RED=`1.0000000000' UNIT=`METER'
2021-06-02 08:46:34|   8.0|  0.3|INFORM|Creating reader for format: Maptech BSB Nautical Chart
2021-06-02 08:46:34|   8.0|  0.0|INFORM|Trying to find a DYNAMIC plugin for reader named `BSB'
2021-06-02 08:46:34|   8.0|  0.0|INFORM|FME API version of module 'BSB' matches current internal version (3.8 20200115)
2021-06-02 08:46:34|   8.0|  0.0|INFORM|BSB reader: Directive '_READ_CHART_CS' has the value 'Yes'
2021-06-02 08:46:34|   8.0|  0.0|INFORM|BSB reader: Opening file 'C:\DB\LDS_Raster\BSB_UPDATE_20201211\BSB_ROOT\NZ5124\NZ512502.KAP'
2021-06-02 08:46:34|   8.0|  0.0|INFORM|FME Configuration: Source coordinate system for reader BSB_1[BSB] set to `_FME_13' as read from input data
2021-06-02 08:46:34|   8.0|  0.0|INFORM|Coordinate System `_FME_13' parameters: CS_NAME=`_FME_13' DT_NAME=`WGS84' PARM1=`174.205' PROJ=`TM' QUAD=`1' SCL_RED=`1.0000000000' UNIT=`METER'
2021-06-02 08:46:34|   8.1|  0.1|INFORM|Creating reader for format: Maptech BSB Nautical Chart
2021-06-02 08:46:34|   8.1|  0.0|INFORM|Trying to find a DYNAMIC plugin for reader named `BSB'
2021-06-02 08:46:34|   8.1|  0.0|INFORM|FME API version of module 'BSB' matches current internal version (3.8 20200115)
2021-06-02 08:46:34|   8.1|  0.0|INFORM|BSB reader: Directive '_READ_CHART_CS' has the value 'Yes'
2021-06-02 08:46:34|   8.1|  0.0|INFORM|BSB reader: Opening file 'C:\DB\LDS_Raster\BSB_UPDATE_20201211\BSB_ROOT\NZ5125\NZ512501.KAP'
2021-06-02 08:46:34|   8.2|  0.1|INFORM|FME Configuration: Source coordinate system for reader BSB_1[BSB] set to `_FME_13' as read from input data
2021-06-02 08:46:34|   8.2|  0.0|INFORM|Coordinate System `_FME_13' parameters: CS_NAME=`_FME_13' DT_NAME=`WGS84' PARM1=`174.205' PROJ=`TM' QUAD=`1' SCL_RED=`1.0000000000' UNIT=`METER'
2021-06-02 08:46:34|   8.5|  0.3|INFORM|Creating reader for format: Maptech BSB Nautical Chart
2021-06-02 08:46:34|   8.5|  0.0|INFORM|Trying to find a DYNAMIC plugin for reader named `BSB'
2021-06-02 08:46:34|   8.5|  0.0|INFORM|FME API version of module 'BSB' matches current internal version (3.8 20200115)
2021-06-02 08:46:34|   8.5|  0.0|INFORM|BSB reader: Directive '_READ_CHART_CS' has the value 'Yes'
2021-06-02 08:46:34|   8.5|  0.0|INFORM|BSB reader: Opening file 'C:\DB\LDS_Raster\BSB_UPDATE_20201211\BSB_ROOT\NZ5125\NZ512502.KAP'
2021-06-02 08:46:34|   8.5|  0.0|INFORM|FME Configuration: Source coordinate system for reader BSB_1[BSB] set to `_FME_13' as read from input data
2021-06-02 08:46:34|   8.5|  0.0|INFORM|Coordinate System `_FME_13' parameters: CS_NAME=`_FME_13' DT_NAME=`WGS84' PARM1=`174.205' PROJ=`TM' QUAD=`1' SCL_RED=`1.0000000000' UNIT=`METER'
2021-06-02 08:46:34|   8.6|  0.0|INFORM|Creating reader for format: Maptech BSB Nautical Chart
2021-06-02 08:46:34|   8.6|  0.0|INFORM|Trying to find a DYNAMIC plugin for reader named `BSB'
2021-06-02 08:46:34|   8.6|  0.0|INFORM|FME API version of module 'BSB' matches current internal version (3.8 20200115)
2021-06-02 08:46:34|   8.6|  0.0|INFORM|BSB reader: Directive '_READ_CHART_CS' has the value 'Yes'
2021-06-02 08:46:34|   8.6|  0.0|INFORM|BSB reader: Opening file 'C:\DB\LDS_Raster\BSB_UPDATE_20201211\BSB_ROOT\NZ512\NZ51201.KAP'
2021-06-02 08:46:34|   8.7|  0.1|INFORM|FME Configuration: Source coordinate system for reader BSB_1[BSB] set to `_FME_6' as read from input data
2021-06-02 08:46:34|   8.7|  0.0|INFORM|Coordinate System `_FME_6' parameters: CS_NAME=`_FME_6' DESC_NM=`Global Mercator' DT_NAME=`WGS84' PARM1=`173' PROJ=`MRCAT' QUAD=`1' UNIT=`METER'
2021-06-02 08:46:35|   9.0|  0.3|INFORM|Creating reader for format: Maptech BSB Nautical Chart
2021-06-02 08:46:35|   9.0|  0.0|INFORM|Trying to find a DYNAMIC plugin for reader named `BSB'
2021-06-02 08:46:35|   9.0|  0.0|INFORM|FME API version of module 'BSB' matches current internal version (3.8 20200115)
2021-06-02 08:46:35|   9.0|  0.0|INFORM|BSB reader: Directive '_READ_CHART_CS' has the value 'Yes'
2021-06-02 08:46:35|   9.0|  0.0|INFORM|BSB reader: Opening file 'C:\DB\LDS_Raster\BSB_UPDATE_20201211\BSB_ROOT\NZ5215\NZ521501.KAP'
2021-06-02 08:46:35|   9.0|  0.1|INFORM|The OGC definition of the FME coordinate system '_FME_14' is 'PROJCS["unnamed",GEOGCS["WGS 84",DATUM["WGS_1984",SPHEROID["WGS 84",6378137,298.257223563,AUTHORITY["EPSG","7030"]],AUTHORITY["EPSG","6326"]],PRIMEM["Greenwich",0,AUTHORITY["EPSG","8901"]],UNIT["degree",0.0174532925199433,AUTHORITY["EPSG","9122"]],AUTHORITY["EPSG","4326"]],PROJECTION["Transverse_Mercator"],PARAMETER["latitude_of_origin",0],PARAMETER["central_meridian",174.409167],PARAMETER["scale_factor",1],PARAMETER["false_easting",0],PARAMETER["false_northing",0],UNIT["Meter",1],AXIS["Easting",EAST],AXIS["Northing",NORTH]]'
2021-06-02 08:46:35|   9.0|  0.0|INFORM|FME Configuration: Source coordinate system for reader BSB_1[BSB] set to `_FME_14' as read from input data
2021-06-02 08:46:35|   9.0|  0.0|INFORM|Coordinate System `_FME_14' parameters: CS_NAME=`_FME_14' DT_NAME=`WGS84' PARM1=`174.409167' PROJ=`TM' QUAD=`1' SCL_RED=`1.0000000000' UNIT=`METER'
2021-06-02 08:46:35|   9.3|  0.3|INFORM|Creating reader for format: Maptech BSB Nautical Chart
2021-06-02 08:46:35|   9.3|  0.0|INFORM|Trying to find a DYNAMIC plugin for reader named `BSB'
2021-06-02 08:46:35|   9.3|  0.0|INFORM|FME API version of module 'BSB' matches current internal version (3.8 20200115)
2021-06-02 08:46:35|   9.3|  0.0|INFORM|BSB reader: Directive '_READ_CHART_CS' has the value 'Yes'
2021-06-02 08:46:35|   9.3|  0.0|INFORM|BSB reader: Opening file 'C:\DB\LDS_Raster\BSB_UPDATE_20201211\BSB_ROOT\NZ5215\NZ521502.KAP'
2021-06-02 08:46:35|   9.4|  0.0|INFORM|The OGC definition of the FME coordinate system '_FME_15' is 'PROJCS["unnamed",GEOGCS["WGS 84",DATUM["WGS_1984",SPHEROID["WGS 84",6378137,298.257223563,AUTHORITY["EPSG","7030"]],AUTHORITY["EPSG","6326"]],PRIMEM["Greenwich",0,AUTHORITY["EPSG","8901"]],UNIT["degree",0.0174532925199433,AUTHORITY["EPSG","9122"]],AUTHORITY["EPSG","4326"]],PROJECTION["Transverse_Mercator"],PARAMETER["latitude_of_origin",0],PARAMETER["central_meridian",174.339167],PARAMETER["scale_factor",1],PARAMETER["false_easting",0],PARAMETER["false_northing",0],UNIT["Meter",1],AXIS["Easting",EAST],AXIS["Northing",NORTH]]'
2021-06-02 08:46:35|   9.4|  0.0|INFORM|FME Configuration: Source coordinate system for reader BSB_1[BSB] set to `_FME_15' as read from input data
2021-06-02 08:46:35|   9.4|  0.0|INFORM|Coordinate System `_FME_15' parameters: CS_NAME=`_FME_15' DT_NAME=`WGS84' PARM1=`174.339167' PROJ=`TM' QUAD=`1' SCL_RED=`1.0000000000' UNIT=`METER'
2021-06-02 08:46:35|   9.4|  0.0|INFORM|Creating reader for format: Maptech BSB Nautical Chart
2021-06-02 08:46:35|   9.4|  0.0|INFORM|Trying to find a DYNAMIC plugin for reader named `BSB'
2021-06-02 08:46:35|   9.4|  0.0|INFORM|FME API version of module 'BSB' matches current internal version (3.8 20200115)
2021-06-02 08:46:35|   9.4|  0.0|INFORM|BSB reader: Directive '_READ_CHART_CS' has the value 'Yes'
2021-06-02 08:46:35|   9.4|  0.0|INFORM|BSB reader: Opening file 'C:\DB\LDS_Raster\BSB_UPDATE_20201211\BSB_ROOT\NZ5217\NZ 521701.KAP'
2021-06-02 08:46:35|   9.5|  0.0|INFORM|The OGC definition of the FME coordinate system '_FME_16' is 'PROJCS["unnamed",GEOGCS["WGS 84",DATUM["WGS_1984",SPHEROID["WGS 84",6378137,298.257223563,AUTHORITY["EPSG","7030"]],AUTHORITY["EPSG","6326"]],PRIMEM["Greenwich",0,AUTHORITY["EPSG","8901"]],UNIT["degree",0.0174532925199433,AUTHORITY["EPSG","9122"]],AUTHORITY["EPSG","4326"]],PROJECTION["Transverse_Mercator"],PARAMETER["latitude_of_origin",0],PARAMETER["central_meridian",174.493917],PARAMETER["scale_factor",1],PARAMETER["false_easting",0],PARAMETER["false_northing",0],UNIT["Meter",1],AXIS["Easting",EAST],AXIS["Northing",NORTH]]'
2021-06-02 08:46:35|   9.5|  0.0|INFORM|FME Configuration: Source coordinate system for reader BSB_1[BSB] set to `_FME_16' as read from input data
2021-06-02 08:46:35|   9.5|  0.0|INFORM|Coordinate System `_FME_16' parameters: CS_NAME=`_FME_16' DT_NAME=`WGS84' PARM1=`174.493917' PROJ=`TM' QUAD=`1' SCL_RED=`1.0000000000' UNIT=`METER'
2021-06-02 08:46:35|   9.5|  0.1|INFORM|Creating reader for format: Maptech BSB Nautical Chart
2021-06-02 08:46:35|   9.5|  0.0|INFORM|Trying to find a DYNAMIC plugin for reader named `BSB'
2021-06-02 08:46:35|   9.5|  0.0|INFORM|FME API version of module 'BSB' matches current internal version (3.8 20200115)
2021-06-02 08:46:35|   9.5|  0.0|INFORM|BSB reader: Directive '_READ_CHART_CS' has the value 'Yes'
2021-06-02 08:46:35|   9.5|  0.0|INFORM|BSB reader: Opening file 'C:\DB\LDS_Raster\BSB_UPDATE_20201211\BSB_ROOT\NZ5217\NZ 521702.KAP'
2021-06-02 08:46:35|   9.6|  0.1|INFORM|The OGC definition of the FME coordinate system '_FME_17' is 'PROJCS["unnamed",GEOGCS["WGS 84",DATUM["WGS_1984",SPHEROID["WGS 84",6378137,298.257223563,AUTHORITY["EPSG","7030"]],AUTHORITY["EPSG","6326"]],PRIMEM["Greenwich",0,AUTHORITY["EPSG","8901"]],UNIT["degree",0.0174532925199433,AUTHORITY["EPSG","9122"]],AUTHORITY["EPSG","4326"]],PROJECTION["Transverse_Mercator"],PARAMETER["latitude_of_origin",0],PARAMETER["central_meridian",174.3604],PARAMETER["scale_factor",1],PARAMETER["false_easting",0],PARAMETER["false_northing",0],UNIT["Meter",1],AXIS["Easting",EAST],AXIS["Northing",NORTH]]'
2021-06-02 08:46:35|   9.6|  0.0|INFORM|FME Configuration: Source coordinate system for reader BSB_1[BSB] set to `_FME_17' as read from input data
2021-06-02 08:46:35|   9.6|  0.0|INFORM|Coordinate System `_FME_17' parameters: CS_NAME=`_FME_17' DT_NAME=`WGS84' PARM1=`174.3604' PROJ=`TM' QUAD=`1' SCL_RED=`1.0000000000' UNIT=`METER'
2021-06-02 08:46:36|   9.8|  0.2|INFORM|Creating reader for format: Maptech BSB Nautical Chart
2021-06-02 08:46:36|   9.8|  0.0|INFORM|Trying to find a DYNAMIC plugin for reader named `BSB'
2021-06-02 08:46:36|   9.8|  0.0|INFORM|FME API version of module 'BSB' matches current internal version (3.8 20200115)
2021-06-02 08:46:36|   9.8|  0.0|INFORM|BSB reader: Directive '_READ_CHART_CS' has the value 'Yes'
2021-06-02 08:46:36|   9.8|  0.0|INFORM|BSB reader: Opening file 'C:\DB\LDS_Raster\BSB_UPDATE_20201211\BSB_ROOT\NZ5217\NZ 521703.KAP'
2021-06-02 08:46:36|   9.9|  0.1|INFORM|The OGC definition of the FME coordinate system '_FME_18' is 'PROJCS["unnamed",GEOGCS["WGS 84",DATUM["WGS_1984",SPHEROID["WGS 84",6378137,298.257223563,AUTHORITY["EPSG","7030"]],AUTHORITY["EPSG","6326"]],PRIMEM["Greenwich",0,AUTHORITY["EPSG","8901"]],UNIT["degree",0.0174532925199433,AUTHORITY["EPSG","9122"]],AUTHORITY["EPSG","4326"]],PROJECTION["Transverse_Mercator"],PARAMETER["latitude_of_origin",0],PARAMETER["central_meridian",174.35],PARAMETER["scale_factor",1],PARAMETER["false_easting",0],PARAMETER["false_northing",0],UNIT["Meter",1],AXIS["Easting",EAST],AXIS["Northing",NORTH]]'
2021-06-02 08:46:36|   9.9|  0.0|INFORM|FME Configuration: Source coordinate system for reader BSB_1[BSB] set to `_FME_18' as read from input data
2021-06-02 08:46:36|   9.9|  0.0|INFORM|Coordinate System `_FME_18' parameters: CS_NAME=`_FME_18' DT_NAME=`WGS84' PARM1=`174.35' PROJ=`TM' QUAD=`1' SCL_RED=`1.0000000000' UNIT=`METER'
2021-06-02 08:46:36|   9.9|  0.1|INFORM|Creating reader for format: Maptech BSB Nautical Chart
2021-06-02 08:46:36|   9.9|  0.0|INFORM|Trying to find a DYNAMIC plugin for reader named `BSB'
2021-06-02 08:46:36|   9.9|  0.0|INFORM|FME API version of module 'BSB' matches current internal version (3.8 20200115)
2021-06-02 08:46:36|   9.9|  0.0|INFORM|BSB reader: Directive '_READ_CHART_CS' has the value 'Yes'
2021-06-02 08:46:36|   9.9|  0.0|INFORM|BSB reader: Opening file 'C:\DB\LDS_Raster\BSB_UPDATE_20201211\BSB_ROOT\NZ5227\NZ522701.KAP'
2021-06-02 08:46:36|  10.1|  0.2|INFORM|The OGC definition of the FME coordinate system '_FME_19' is 'PROJCS["unnamed",GEOGCS["WGS 84",DATUM["WGS_1984",SPHEROID["WGS 84",6378137,298.257223563,AUTHORITY["EPSG","7030"]],AUTHORITY["EPSG","6326"]],PRIMEM["Greenwich",0,AUTHORITY["EPSG","8901"]],UNIT["degree",0.0174532925199433,AUTHORITY["EPSG","9122"]],AUTHORITY["EPSG","4326"]],PROJECTION["Transverse_Mercator"],PARAMETER["latitude_of_origin",0],PARAMETER["central_meridian",174.803333],PARAMETER["scale_factor",1],PARAMETER["false_easting",0],PARAMETER["false_northing",0],UNIT["Meter",1],AXIS["Easting",EAST],AXIS["Northing",NORTH]]'
2021-06-02 08:46:36|  10.1|  0.0|INFORM|FME Configuration: Source coordinate system for reader BSB_1[BSB] set to `_FME_19' as read from input data
2021-06-02 08:46:36|  10.1|  0.0|INFORM|Coordinate System `_FME_19' parameters: CS_NAME=`_FME_19' DT_NAME=`WGS84' PARM1=`174.803333' PROJ=`TM' QUAD=`1' SCL_RED=`1.0000000000' UNIT=`METER'
2021-06-02 08:46:36|  10.4|  0.3|INFORM|Creating reader for format: Maptech BSB Nautical Chart
2021-06-02 08:46:36|  10.4|  0.0|INFORM|Trying to find a DYNAMIC plugin for reader named `BSB'
2021-06-02 08:46:36|  10.4|  0.0|INFORM|FME API version of module 'BSB' matches current internal version (3.8 20200115)
2021-06-02 08:46:36|  10.4|  0.0|INFORM|BSB reader: Directive '_READ_CHART_CS' has the value 'Yes'
2021-06-02 08:46:36|  10.4|  0.0|INFORM|BSB reader: Opening file 'C:\DB\LDS_Raster\BSB_UPDATE_20201211\BSB_ROOT\NZ5321\NZ532101.KAP'
2021-06-02 08:46:37|  10.6|  0.1|INFORM|The OGC definition of the FME coordinate system '_FME_20' is 'PROJCS["unnamed",GEOGCS["WGS 84",DATUM["WGS_1984",SPHEROID["WGS 84",6378137,298.257223563,AUTHORITY["EPSG","7030"]],AUTHORITY["EPSG","6326"]],PRIMEM["Greenwich",0,AUTHORITY["EPSG","8901"]],UNIT["degree",0.0174532925199433,AUTHORITY["EPSG","9122"]],AUTHORITY["EPSG","4326"]],PROJECTION["Transverse_Mercator"],PARAMETER["latitude_of_origin",0],PARAMETER["central_meridian",174.811667],PARAMETER["scale_factor",1],PARAMETER["false_easting",0],PARAMETER["false_northing",0],UNIT["Meter",1],AXIS["Easting",EAST],AXIS["Northing",NORTH]]'
2021-06-02 08:46:37|  10.6|  0.0|INFORM|FME Configuration: Source coordinate system for reader BSB_1[BSB] set to `_FME_20' as read from input data
2021-06-02 08:46:37|  10.6|  0.0|INFORM|Coordinate System `_FME_20' parameters: CS_NAME=`_FME_20' DT_NAME=`WGS84' PARM1=`174.811667' PROJ=`TM' QUAD=`1' SCL_RED=`1.0000000000' UNIT=`METER'
2021-06-02 08:46:37|  10.9|  0.3|INFORM|Creating reader for format: Maptech BSB Nautical Chart
2021-06-02 08:46:37|  10.9|  0.0|INFORM|Trying to find a DYNAMIC plugin for reader named `BSB'
2021-06-02 08:46:37|  10.9|  0.0|INFORM|FME API version of module 'BSB' matches current internal version (3.8 20200115)
2021-06-02 08:46:37|  10.9|  0.0|INFORM|BSB reader: Directive '_READ_CHART_CS' has the value 'Yes'
2021-06-02 08:46:37|  10.9|  0.0|INFORM|BSB reader: Opening file 'C:\DB\LDS_Raster\BSB_UPDATE_20201211\BSB_ROOT\NZ5322\NZ532201.KAP'
2021-06-02 08:46:37|  11.0|  0.1|INFORM|The OGC definition of the FME coordinate system '_FME_21' is 'PROJCS["unnamed",GEOGCS["WGS 84",DATUM["WGS_1984",SPHEROID["WGS 84",6378137,298.257223563,AUTHORITY["EPSG","7030"]],AUTHORITY["EPSG","6326"]],PRIMEM["Greenwich",0,AUTHORITY["EPSG","8901"]],UNIT["degree",0.0174532925199433,AUTHORITY["EPSG","9122"]],AUTHORITY["EPSG","4326"]],PROJECTION["Transverse_Mercator"],PARAMETER["latitude_of_origin",0],PARAMETER["central_meridian",174.800972],PARAMETER["scale_factor",1],PARAMETER["false_easting",0],PARAMETER["false_northing",0],UNIT["Meter",1],AXIS["Easting",EAST],AXIS["Northing",NORTH]]'
2021-06-02 08:46:37|  11.0|  0.0|INFORM|FME Configuration: Source coordinate system for reader BSB_1[BSB] set to `_FME_21' as read from input data
2021-06-02 08:46:37|  11.0|  0.0|INFORM|Coordinate System `_FME_21' parameters: CS_NAME=`_FME_21' DT_NAME=`WGS84' PARM1=`174.800972' PROJ=`TM' QUAD=`1' SCL_RED=`1.0000000000' UNIT=`METER'
2021-06-02 08:46:37|  11.3|  0.3|INFORM|Creating reader for format: Maptech BSB Nautical Chart
2021-06-02 08:46:37|  11.3|  0.0|INFORM|Trying to find a DYNAMIC plugin for reader named `BSB'
2021-06-02 08:46:37|  11.3|  0.0|INFORM|FME API version of module 'BSB' matches current internal version (3.8 20200115)
2021-06-02 08:46:37|  11.3|  0.0|INFORM|BSB reader: Directive '_READ_CHART_CS' has the value 'Yes'
2021-06-02 08:46:37|  11.3|  0.0|INFORM|BSB reader: Opening file 'C:\DB\LDS_Raster\BSB_UPDATE_20201211\BSB_ROOT\NZ5322\NZ532202.KAP'
2021-06-02 08:46:37|  11.4|  0.0|INFORM|The OGC definition of the FME coordinate system '_FME_22' is 'PROJCS["unnamed",GEOGCS["WGS 84",DATUM["WGS_1984",SPHEROID["WGS 84",6378137,298.257223563,AUTHORITY["EPSG","7030"]],AUTHORITY["EPSG","6326"]],PRIMEM["Greenwich",0,AUTHORITY["EPSG","8901"]],UNIT["degree",0.0174532925199433,AUTHORITY["EPSG","9122"]],AUTHORITY["EPSG","4326"]],PROJECTION["Transverse_Mercator"],PARAMETER["latitude_of_origin",0],PARAMETER["central_meridian",174.771417],PARAMETER["scale_factor",1],PARAMETER["false_easting",0],PARAMETER["false_northing",0],UNIT["Meter",1],AXIS["Easting",EAST],AXIS["Northing",NORTH]]'
2021-06-02 08:46:37|  11.4|  0.0|INFORM|FME Configuration: Source coordinate system for reader BSB_1[BSB] set to `_FME_22' as read from input data
2021-06-02 08:46:37|  11.4|  0.0|INFORM|Coordinate System `_FME_22' parameters: CS_NAME=`_FME_22' DT_NAME=`WGS84' PARM1=`174.771417' PROJ=`TM' QUAD=`1' SCL_RED=`1.0000000000' UNIT=`METER'
2021-06-02 08:46:38|  11.4|  0.0|INFORM|Creating reader for format: Maptech BSB Nautical Chart
2021-06-02 08:46:38|  11.4|  0.0|INFORM|Trying to find a DYNAMIC plugin for reader named `BSB'
2021-06-02 08:46:38|  11.4|  0.0|INFORM|FME API version of module 'BSB' matches current internal version (3.8 20200115)
2021-06-02 08:46:38|  11.4|  0.0|INFORM|BSB reader: Directive '_READ_CHART_CS' has the value 'Yes'
2021-06-02 08:46:38|  11.4|  0.0|INFORM|BSB reader: Opening file 'C:\DB\LDS_Raster\BSB_UPDATE_20201211\BSB_ROOT\NZ5322\NZ532203.KAP'
2021-06-02 08:46:38|  11.5|  0.0|INFORM|The OGC definition of the FME coordinate system '_FME_23' is 'PROJCS["unnamed",GEOGCS["WGS 84",DATUM["WGS_1984",SPHEROID["WGS 84",6378137,298.257223563,AUTHORITY["EPSG","7030"]],AUTHORITY["EPSG","6326"]],PRIMEM["Greenwich",0,AUTHORITY["EPSG","8901"]],UNIT["degree",0.0174532925199433,AUTHORITY["EPSG","9122"]],AUTHORITY["EPSG","4326"]],PROJECTION["Transverse_Mercator"],PARAMETER["latitude_of_origin",0],PARAMETER["central_meridian",174.782],PARAMETER["scale_factor",1],PARAMETER["false_easting",0],PARAMETER["false_northing",0],UNIT["Meter",1],AXIS["Easting",EAST],AXIS["Northing",NORTH]]'
2021-06-02 08:46:38|  11.5|  0.0|INFORM|FME Configuration: Source coordinate system for reader BSB_1[BSB] set to `_FME_23' as read from input data
2021-06-02 08:46:38|  11.5|  0.0|INFORM|Coordinate System `_FME_23' parameters: CS_NAME=`_FME_23' DT_NAME=`WGS84' PARM1=`174.782' PROJ=`TM' QUAD=`1' SCL_RED=`1.0000000000' UNIT=`METER'
2021-06-02 08:46:38|  11.5|  0.0|INFORM|Creating reader for format: Maptech BSB Nautical Chart
2021-06-02 08:46:38|  11.5|  0.0|INFORM|Trying to find a DYNAMIC plugin for reader named `BSB'
2021-06-02 08:46:38|  11.5|  0.0|INFORM|FME API version of module 'BSB' matches current internal version (3.8 20200115)
2021-06-02 08:46:38|  11.5|  0.0|INFORM|BSB reader: Directive '_READ_CHART_CS' has the value 'Yes'
2021-06-02 08:46:38|  11.5|  0.0|INFORM|BSB reader: Opening file 'C:\DB\LDS_Raster\BSB_UPDATE_20201211\BSB_ROOT\NZ5323\NZ532301.KAP'
2021-06-02 08:46:38|  11.6|  0.1|INFORM|The OGC definition of the FME coordinate system '_FME_24' is 'PROJCS["unnamed",GEOGCS["WGS 84",DATUM["WGS_1984",SPHEROID["WGS 84",6378137,298.257223563,AUTHORITY["EPSG","7030"]],AUTHORITY["EPSG","6326"]],PRIMEM["Greenwich",0,AUTHORITY["EPSG","8901"]],UNIT["degree",0.0174532925199433,AUTHORITY["EPSG","9122"]],AUTHORITY["EPSG","4326"]],PROJECTION["Transverse_Mercator"],PARAMETER["latitude_of_origin",0],PARAMETER["central_meridian",174.694167],PARAMETER["scale_factor",1],PARAMETER["false_easting",0],PARAMETER["false_northing",0],UNIT["Meter",1],AXIS["Easting",EAST],AXIS["Northing",NORTH]]'
2021-06-02 08:46:38|  11.6|  0.0|INFORM|FME Configuration: Source coordinate system for reader BSB_1[BSB] set to `_FME_24' as read from input data
2021-06-02 08:46:38|  11.6|  0.0|INFORM|Coordinate System `_FME_24' parameters: CS_NAME=`_FME_24' DT_NAME=`WGS84' PARM1=`174.694167' PROJ=`TM' QUAD=`1' SCL_RED=`1.0000000000' UNIT=`METER'
2021-06-02 08:46:38|  11.9|  0.3|INFORM|Creating reader for format: Maptech BSB Nautical Chart
2021-06-02 08:46:38|  11.9|  0.0|INFORM|Trying to find a DYNAMIC plugin for reader named `BSB'
2021-06-02 08:46:38|  11.9|  0.0|INFORM|FME API version of module 'BSB' matches current internal version (3.8 20200115)
2021-06-02 08:46:38|  11.9|  0.0|INFORM|BSB reader: Directive '_READ_CHART_CS' has the value 'Yes'
2021-06-02 08:46:38|  11.9|  0.0|INFORM|BSB reader: Opening file 'C:\DB\LDS_Raster\BSB_UPDATE_20201211\BSB_ROOT\NZ5323\NZ532302.KAP'
2021-06-02 08:46:38|  11.9|  0.0|INFORM|The OGC definition of the FME coordinate system '_FME_25' is 'PROJCS["unnamed",GEOGCS["WGS 84",DATUM["WGS_1984",SPHEROID["WGS 84",6378137,298.257223563,AUTHORITY["EPSG","7030"]],AUTHORITY["EPSG","6326"]],PRIMEM["Greenwich",0,AUTHORITY["EPSG","8901"]],UNIT["degree",0.0174532925199433,AUTHORITY["EPSG","9122"]],AUTHORITY["EPSG","4326"]],PROJECTION["Transverse_Mercator"],PARAMETER["latitude_of_origin",0],PARAMETER["central_meridian",174.699167],PARAMETER["scale_factor",1],PARAMETER["false_easting",0],PARAMETER["false_northing",0],UNIT["Meter",1],AXIS["Easting",EAST],AXIS["Northing",NORTH]]'
2021-06-02 08:46:38|  11.9|  0.0|INFORM|FME Configuration: Source coordinate system for reader BSB_1[BSB] set to `_FME_25' as read from input data
2021-06-02 08:46:38|  11.9|  0.0|INFORM|Coordinate System `_FME_25' parameters: CS_NAME=`_FME_25' DT_NAME=`WGS84' PARM1=`174.699167' PROJ=`TM' QUAD=`1' SCL_RED=`1.0000000000' UNIT=`METER'
2021-06-02 08:46:38|  12.0|  0.0|INFORM|Creating reader for format: Maptech BSB Nautical Chart
2021-06-02 08:46:38|  12.0|  0.0|INFORM|Trying to find a DYNAMIC plugin for reader named `BSB'
2021-06-02 08:46:38|  12.0|  0.0|INFORM|FME API version of module 'BSB' matches current internal version (3.8 20200115)
2021-06-02 08:46:38|  12.0|  0.0|INFORM|BSB reader: Directive '_READ_CHART_CS' has the value 'Yes'
2021-06-02 08:46:38|  12.0|  0.0|INFORM|BSB reader: Opening file 'C:\DB\LDS_Raster\BSB_UPDATE_20201211\BSB_ROOT\NZ5323\NZ532303.KAP'
2021-06-02 08:46:38|  12.0|  0.0|INFORM|The OGC definition of the FME coordinate system '_FME_26' is 'PROJCS["unnamed",GEOGCS["WGS 84",DATUM["WGS_1984",SPHEROID["WGS 84",6378137,298.257223563,AUTHORITY["EPSG","7030"]],AUTHORITY["EPSG","6326"]],PRIMEM["Greenwich",0,AUTHORITY["EPSG","8901"]],UNIT["degree",0.0174532925199433,AUTHORITY["EPSG","9122"]],AUTHORITY["EPSG","4326"]],PROJECTION["Transverse_Mercator"],PARAMETER["latitude_of_origin",0],PARAMETER["central_meridian",174.725833],PARAMETER["scale_factor",1],PARAMETER["false_easting",0],PARAMETER["false_northing",0],UNIT["Meter",1],AXIS["Easting",EAST],AXIS["Northing",NORTH]]'
2021-06-02 08:46:38|  12.0|  0.0|INFORM|FME Configuration: Source coordinate system for reader BSB_1[BSB] set to `_FME_26' as read from input data
2021-06-02 08:46:38|  12.0|  0.0|INFORM|Coordinate System `_FME_26' parameters: CS_NAME=`_FME_26' DT_NAME=`WGS84' PARM1=`174.725833' PROJ=`TM' QUAD=`1' SCL_RED=`1.0000000000' UNIT=`METER'
2021-06-02 08:46:38|  12.0|  0.0|INFORM|Creating reader for format: Maptech BSB Nautical Chart
2021-06-02 08:46:38|  12.0|  0.0|INFORM|Trying to find a DYNAMIC plugin for reader named `BSB'
2021-06-02 08:46:38|  12.0|  0.0|INFORM|FME API version of module 'BSB' matches current internal version (3.8 20200115)
2021-06-02 08:46:38|  12.0|  0.0|INFORM|BSB reader: Directive '_READ_CHART_CS' has the value 'Yes'
2021-06-02 08:46:38|  12.0|  0.0|INFORM|BSB reader: Opening file 'C:\DB\LDS_Raster\BSB_UPDATE_20201211\BSB_ROOT\NZ5324\NZ532401.KAP'
2021-06-02 08:46:38|  12.1|  0.1|INFORM|The OGC definition of the FME coordinate system '_FME_27' is 'PROJCS["unnamed",GEOGCS["WGS 84",DATUM["WGS_1984",SPHEROID["WGS 84",6378137,298.257223563,AUTHORITY["EPSG","7030"]],AUTHORITY["EPSG","6326"]],PRIMEM["Greenwich",0,AUTHORITY["EPSG","8901"]],UNIT["degree",0.0174532925199433,AUTHORITY["EPSG","9122"]],AUTHORITY["EPSG","4326"]],PROJECTION["Transverse_Mercator"],PARAMETER["latitude_of_origin",0],PARAMETER["central_meridian",175.049167],PARAMETER["scale_factor",1],PARAMETER["false_easting",0],PARAMETER["false_northing",0],UNIT["Meter",1],AXIS["Easting",EAST],AXIS["Northing",NORTH]]'
2021-06-02 08:46:38|  12.1|  0.0|INFORM|FME Configuration: Source coordinate system for reader BSB_1[BSB] set to `_FME_27' as read from input data
2021-06-02 08:46:38|  12.1|  0.0|INFORM|Coordinate System `_FME_27' parameters: CS_NAME=`_FME_27' DT_NAME=`WGS84' PARM1=`175.049167' PROJ=`TM' QUAD=`1' SCL_RED=`1.0000000000' UNIT=`METER'
2021-06-02 08:46:39|  12.4|  0.3|INFORM|Creating reader for format: Maptech BSB Nautical Chart
2021-06-02 08:46:39|  12.4|  0.0|INFORM|Trying to find a DYNAMIC plugin for reader named `BSB'
2021-06-02 08:46:39|  12.4|  0.0|INFORM|FME API version of module 'BSB' matches current internal version (3.8 20200115)
2021-06-02 08:46:39|  12.4|  0.0|INFORM|BSB reader: Directive '_READ_CHART_CS' has the value 'Yes'
2021-06-02 08:46:39|  12.4|  0.0|INFORM|BSB reader: Opening file 'C:\DB\LDS_Raster\BSB_UPDATE_20201211\BSB_ROOT\NZ532\NZ53201.KAP'
2021-06-02 08:46:39|  12.5|  0.1|INFORM|FME Configuration: Source coordinate system for reader BSB_1[BSB] set to `_FME_5' as read from input data
2021-06-02 08:46:39|  12.5|  0.0|INFORM|Coordinate System `_FME_5' parameters: CS_NAME=`_FME_5' DESC_NM=`Global Mercator' DT_NAME=`WGS84' PARM1=`174' PROJ=`MRCAT' QUAD=`1' UNIT=`METER'
2021-06-02 08:46:39|  12.8|  0.3|INFORM|Creating reader for format: Maptech BSB Nautical Chart
2021-06-02 08:46:39|  12.8|  0.0|INFORM|Trying to find a DYNAMIC plugin for reader named `BSB'
2021-06-02 08:46:39|  12.8|  0.0|INFORM|FME API version of module 'BSB' matches current internal version (3.8 20200115)
2021-06-02 08:46:39|  12.8|  0.0|INFORM|BSB reader: Directive '_READ_CHART_CS' has the value 'Yes'
2021-06-02 08:46:39|  12.8|  0.0|INFORM|BSB reader: Opening file 'C:\DB\LDS_Raster\BSB_UPDATE_20201211\BSB_ROOT\NZ5571\NZ557101.KAP'
2021-06-02 08:46:39|  13.0|  0.1|INFORM|The OGC definition of the FME coordinate system '_FME_28' is 'PROJCS["unnamed",GEOGCS["WGS 84",DATUM["WGS_1984",SPHEROID["WGS 84",6378137,298.257223563,AUTHORITY["EPSG","7030"]],AUTHORITY["EPSG","6326"]],PRIMEM["Greenwich",0,AUTHORITY["EPSG","8901"]],UNIT["degree",0.0174532925199433,AUTHORITY["EPSG","9122"]],AUTHORITY["EPSG","4326"]],PROJECTION["Transverse_Mercator"],PARAMETER["latitude_of_origin",0],PARAMETER["central_meridian",177.997333],PARAMETER["scale_factor",1],PARAMETER["false_easting",0],PARAMETER["false_northing",0],UNIT["Meter",1],AXIS["Easting",EAST],AXIS["Northing",NORTH]]'
2021-06-02 08:46:39|  13.0|  0.0|INFORM|FME Configuration: Source coordinate system for reader BSB_1[BSB] set to `_FME_28' as read from input data
2021-06-02 08:46:39|  13.0|  0.0|INFORM|Coordinate System `_FME_28' parameters: CS_NAME=`_FME_28' DT_NAME=`WGS84' PARM1=`177.997333' PROJ=`TM' QUAD=`1' SCL_RED=`1.0000000000' UNIT=`METER'
2021-06-02 08:46:40|  13.3|  0.3|INFORM|Creating reader for format: Maptech BSB Nautical Chart
2021-06-02 08:46:40|  13.3|  0.0|INFORM|Trying to find a DYNAMIC plugin for reader named `BSB'
2021-06-02 08:46:40|  13.3|  0.0|INFORM|FME API version of module 'BSB' matches current internal version (3.8 20200115)
2021-06-02 08:46:40|  13.3|  0.0|INFORM|BSB reader: Directive '_READ_CHART_CS' has the value 'Yes'
2021-06-02 08:46:40|  13.3|  0.0|INFORM|BSB reader: Opening file 'C:\DB\LDS_Raster\BSB_UPDATE_20201211\BSB_ROOT\NZ5571\NZ557102.KAP'
2021-06-02 08:46:40|  13.4|  0.1|INFORM|The OGC definition of the FME coordinate system '_FME_29' is 'PROJCS["unnamed",GEOGCS["WGS 84",DATUM["WGS_1984",SPHEROID["WGS 84",6378137,298.257223563,AUTHORITY["EPSG","7030"]],AUTHORITY["EPSG","6326"]],PRIMEM["Greenwich",0,AUTHORITY["EPSG","8901"]],UNIT["degree",0.0174532925199433,AUTHORITY["EPSG","9122"]],AUTHORITY["EPSG","4326"]],PROJECTION["Transverse_Mercator"],PARAMETER["latitude_of_origin",0],PARAMETER["central_meridian",178.0085],PARAMETER["scale_factor",1],PARAMETER["false_easting",0],PARAMETER["false_northing",0],UNIT["Meter",1],AXIS["Easting",EAST],AXIS["Northing",NORTH]]'
2021-06-02 08:46:40|  13.4|  0.0|INFORM|FME Configuration: Source coordinate system for reader BSB_1[BSB] set to `_FME_29' as read from input data
2021-06-02 08:46:40|  13.4|  0.0|INFORM|Coordinate System `_FME_29' parameters: CS_NAME=`_FME_29' DT_NAME=`WGS84' PARM1=`178.0085' PROJ=`TM' QUAD=`1' SCL_RED=`1.0000000000' UNIT=`METER'
2021-06-02 08:46:40|  13.5|  0.1|INFORM|Creating reader for format: Maptech BSB Nautical Chart
2021-06-02 08:46:40|  13.5|  0.0|INFORM|Trying to find a DYNAMIC plugin for reader named `BSB'
2021-06-02 08:46:40|  13.5|  0.0|INFORM|FME API version of module 'BSB' matches current internal version (3.8 20200115)
2021-06-02 08:46:40|  13.5|  0.0|INFORM|BSB reader: Directive '_READ_CHART_CS' has the value 'Yes'
2021-06-02 08:46:40|  13.5|  0.0|INFORM|BSB reader: Opening file 'C:\DB\LDS_Raster\BSB_UPDATE_20201211\BSB_ROOT\NZ6321\NZ632101.KAP'
2021-06-02 08:46:40|  13.6|  0.1|INFORM|The OGC definition of the FME coordinate system '_FME_30' is 'PROJCS["unnamed",GEOGCS["WGS 84",DATUM["WGS_1984",SPHEROID["WGS 84",6378137,298.257223563,AUTHORITY["EPSG","7030"]],AUTHORITY["EPSG","6326"]],PRIMEM["Greenwich",0,AUTHORITY["EPSG","8901"]],UNIT["degree",0.0174532925199433,AUTHORITY["EPSG","9122"]],AUTHORITY["EPSG","4326"]],PROJECTION["Transverse_Mercator"],PARAMETER["latitude_of_origin",0],PARAMETER["central_meridian",172.785083],PARAMETER["scale_factor",1],PARAMETER["false_easting",0],PARAMETER["false_northing",0],UNIT["Meter",1],AXIS["Easting",EAST],AXIS["Northing",NORTH]]'
2021-06-02 08:46:40|  13.6|  0.0|INFORM|FME Configuration: Source coordinate system for reader BSB_1[BSB] set to `_FME_30' as read from input data
2021-06-02 08:46:40|  13.6|  0.0|INFORM|Coordinate System `_FME_30' parameters: CS_NAME=`_FME_30' DT_NAME=`WGS84' PARM1=`172.785083' PROJ=`TM' QUAD=`1' SCL_RED=`1.0000000000' UNIT=`METER'
2021-06-02 08:46:41|  13.9|  0.3|INFORM|Creating reader for format: Maptech BSB Nautical Chart
2021-06-02 08:46:41|  13.9|  0.0|INFORM|Trying to find a DYNAMIC plugin for reader named `BSB'
2021-06-02 08:46:41|  13.9|  0.0|INFORM|FME API version of module 'BSB' matches current internal version (3.8 20200115)
2021-06-02 08:46:41|  13.9|  0.0|INFORM|BSB reader: Directive '_READ_CHART_CS' has the value 'Yes'
2021-06-02 08:46:41|  13.9|  0.0|INFORM|BSB reader: Opening file 'C:\DB\LDS_Raster\BSB_UPDATE_20201211\BSB_ROOT\NZ6321\NZ632102.KAP'
2021-06-02 08:46:41|  13.9|  0.0|INFORM|The OGC definition of the FME coordinate system '_FME_31' is 'PROJCS["unnamed",GEOGCS["WGS 84",DATUM["WGS_1984",SPHEROID["WGS 84",6378137,298.257223563,AUTHORITY["EPSG","7030"]],AUTHORITY["EPSG","6326"]],PRIMEM["Greenwich",0,AUTHORITY["EPSG","8901"]],UNIT["degree",0.0174532925199433,AUTHORITY["EPSG","9122"]],AUTHORITY["EPSG","4326"]],PROJECTION["Transverse_Mercator"],PARAMETER["latitude_of_origin",0],PARAMETER["central_meridian",172.72055],PARAMETER["scale_factor",1],PARAMETER["false_easting",0],PARAMETER["false_northing",0],UNIT["Meter",1],AXIS["Easting",EAST],AXIS["Northing",NORTH]]'
2021-06-02 08:46:41|  13.9|  0.0|INFORM|FME Configuration: Source coordinate system for reader BSB_1[BSB] set to `_FME_31' as read from input data
2021-06-02 08:46:41|  13.9|  0.0|INFORM|Coordinate System `_FME_31' parameters: CS_NAME=`_FME_31' DT_NAME=`WGS84' PARM1=`172.72055' PROJ=`TM' QUAD=`1' SCL_RED=`1.0000000000' UNIT=`METER'
2021-06-02 08:46:41|  14.0|  0.0|INFORM|Creating reader for format: Maptech BSB Nautical Chart
2021-06-02 08:46:41|  14.0|  0.0|INFORM|Trying to find a DYNAMIC plugin for reader named `BSB'
2021-06-02 08:46:41|  14.0|  0.0|INFORM|FME API version of module 'BSB' matches current internal version (3.8 20200115)
2021-06-02 08:46:41|  14.0|  0.0|INFORM|BSB reader: Directive '_READ_CHART_CS' has the value 'Yes'
2021-06-02 08:46:41|  14.0|  0.0|INFORM|BSB reader: Opening file 'C:\DB\LDS_Raster\BSB_UPDATE_20201211\BSB_ROOT\NZ632\NZ63201.KAP'
2021-06-02 08:46:41|  14.1|  0.1|INFORM|The OGC definition of the FME coordinate system '_FME_32' is 'PROJCS["Global Mercator",GEOGCS["WGS 84",DATUM["WGS_1984",SPHEROID["WGS 84",6378137,298.257223563,AUTHORITY["EPSG","7030"]],AUTHORITY["EPSG","6326"]],PRIMEM["Greenwich",0,AUTHORITY["EPSG","8901"]],UNIT["degree",0.0174532925199433,AUTHORITY["EPSG","9122"]],AUTHORITY["EPSG","4326"]],PROJECTION["Mercator_2SP"],PARAMETER["standard_parallel_1",0],PARAMETER["Latitude of natural origin",0],PARAMETER["central_meridian",172],PARAMETER["false_easting",0],PARAMETER["false_northing",0],UNIT["Meter",1],AXIS["Easting",EAST],AXIS["Northing",NORTH]]'
2021-06-02 08:46:41|  14.1|  0.0|INFORM|FME Configuration: Source coordinate system for reader BSB_1[BSB] set to `_FME_32' as read from input data
2021-06-02 08:46:41|  14.1|  0.0|INFORM|Coordinate System `_FME_32' parameters: CS_NAME=`_FME_32' DESC_NM=`Global Mercator' DT_NAME=`WGS84' PARM1=`172' PROJ=`MRCAT' QUAD=`1' UNIT=`METER'
2021-06-02 08:46:41|  14.3|  0.3|INFORM|Creating reader for format: Maptech BSB Nautical Chart
2021-06-02 08:46:41|  14.3|  0.0|INFORM|Trying to find a DYNAMIC plugin for reader named `BSB'
2021-06-02 08:46:41|  14.3|  0.0|INFORM|FME API version of module 'BSB' matches current internal version (3.8 20200115)
2021-06-02 08:46:41|  14.3|  0.0|INFORM|BSB reader: Directive '_READ_CHART_CS' has the value 'Yes'
2021-06-02 08:46:41|  14.3|  0.0|INFORM|BSB reader: Opening file 'C:\DB\LDS_Raster\BSB_UPDATE_20201211\BSB_ROOT\NZ63\NZ6301.KAP'
2021-06-02 08:46:41|  14.5|  0.1|INFORM|FME Configuration: Source coordinate system for reader BSB_1[BSB] set to `_FME_32' as read from input data
2021-06-02 08:46:41|  14.5|  0.0|INFORM|Coordinate System `_FME_32' parameters: CS_NAME=`_FME_32' DESC_NM=`Global Mercator' DT_NAME=`WGS84' PARM1=`172' PROJ=`MRCAT' QUAD=`1' UNIT=`METER'
2021-06-02 08:46:42|  14.8|  0.3|INFORM|Creating reader for format: Maptech BSB Nautical Chart
2021-06-02 08:46:42|  14.8|  0.0|INFORM|Trying to find a DYNAMIC plugin for reader named `BSB'
2021-06-02 08:46:42|  14.8|  0.0|INFORM|FME API version of module 'BSB' matches current internal version (3.8 20200115)
2021-06-02 08:46:42|  14.8|  0.0|INFORM|BSB reader: Directive '_READ_CHART_CS' has the value 'Yes'
2021-06-02 08:46:42|  14.8|  0.0|INFORM|BSB reader: Opening file 'C:\DB\LDS_Raster\BSB_UPDATE_20201211\BSB_ROOT\NZ64\NZ6401.KAP'
2021-06-02 08:46:42|  14.9|  0.1|INFORM|FME Configuration: Source coordinate system for reader BSB_1[BSB] set to `_FME_2' as read from input data
2021-06-02 08:46:42|  14.9|  0.0|INFORM|Coordinate System `_FME_2' parameters: CS_NAME=`_FME_2' DESC_NM=`Global Mercator' DT_NAME=`WGS84' PARM1=`170' PROJ=`MRCAT' QUAD=`1' UNIT=`METER'
2021-06-02 08:46:42|  15.3|  0.3|INFORM|Creating reader for format: Maptech BSB Nautical Chart
2021-06-02 08:46:42|  15.3|  0.0|INFORM|Trying to find a DYNAMIC plugin for reader named `BSB'
2021-06-02 08:46:42|  15.3|  0.0|INFORM|FME API version of module 'BSB' matches current internal version (3.8 20200115)
2021-06-02 08:46:42|  15.3|  0.0|INFORM|BSB reader: Directive '_READ_CHART_CS' has the value 'Yes'
2021-06-02 08:46:42|  15.3|  0.0|INFORM|BSB reader: Opening file 'C:\DB\LDS_Raster\BSB_UPDATE_20201211\BSB_ROOT\NZ69\NZ6901.KAP'
2021-06-02 08:46:42|  15.4|  0.2|INFORM|The OGC definition of the FME coordinate system '_FME_33' is 'PROJCS["Global Mercator",GEOGCS["WGS 84",DATUM["WGS_1984",SPHEROID["WGS 84",6378137,298.257223563,AUTHORITY["EPSG","7030"]],AUTHORITY["EPSG","6326"]],PRIMEM["Greenwich",0,AUTHORITY["EPSG","8901"]],UNIT["degree",0.0174532925199433,AUTHORITY["EPSG","9122"]],AUTHORITY["EPSG","4326"]],PROJECTION["Mercator_2SP"],PARAMETER["standard_parallel_1",0],PARAMETER["Latitude of natural origin",0],PARAMETER["central_meridian",167],PARAMETER["false_easting",0],PARAMETER["false_northing",0],UNIT["Meter",1],AXIS["Easting",EAST],AXIS["Northing",NORTH]]'
2021-06-02 08:46:42|  15.4|  0.0|INFORM|FME Configuration: Source coordinate system for reader BSB_1[BSB] set to `_FME_33' as read from input data
2021-06-02 08:46:42|  15.4|  0.0|INFORM|Coordinate System `_FME_33' parameters: CS_NAME=`_FME_33' DESC_NM=`Global Mercator' DT_NAME=`WGS84' PARM1=`167' PROJ=`MRCAT' QUAD=`1' UNIT=`METER'
2021-06-02 08:46:43|  15.8|  0.3|INFORM|Creating reader for format: Maptech BSB Nautical Chart
2021-06-02 08:46:43|  15.8|  0.0|INFORM|Trying to find a DYNAMIC plugin for reader named `BSB'
2021-06-02 08:46:43|  15.8|  0.0|INFORM|FME API version of module 'BSB' matches current internal version (3.8 20200115)
2021-06-02 08:46:43|  15.8|  0.0|INFORM|BSB reader: Directive '_READ_CHART_CS' has the value 'Yes'
2021-06-02 08:46:43|  15.8|  0.0|INFORM|BSB reader: Opening file 'C:\DB\LDS_Raster\BSB_UPDATE_20201211\BSB_ROOT\NZ76\NZ7601.KAP'
2021-06-02 08:46:43|  15.9|  0.1|INFORM|FME Configuration: Source coordinate system for reader BSB_1[BSB] set to `_FME_4' as read from input data
2021-06-02 08:46:43|  15.9|  0.0|INFORM|Coordinate System `_FME_4' parameters: CS_NAME=`_FME_4' DESC_NM=`Global Mercator' DT_NAME=`WGS84' PARM1=`165' PROJ=`MRCAT' QUAD=`1' UNIT=`METER'
2021-06-02 08:46:43|  16.2|  0.3|INFORM|Creating reader for format: Maptech BSB Nautical Chart
2021-06-02 08:46:43|  16.2|  0.0|INFORM|Trying to find a DYNAMIC plugin for reader named `BSB'
2021-06-02 08:46:43|  16.2|  0.0|INFORM|FME API version of module 'BSB' matches current internal version (3.8 20200115)
2021-06-02 08:46:43|  16.2|  0.0|INFORM|BSB reader: Directive '_READ_CHART_CS' has the value 'Yes'
2021-06-02 08:46:43|  16.2|  0.0|INFORM|BSB reader: Opening file 'C:\DB\LDS_Raster\BSB_UPDATE_20201211\BSB_ROOT\TO403\TO40301.KAP'
2021-06-02 08:46:43|  16.4|  0.1|INFORM|The OGC definition of the FME coordinate system '_FME_34' is 'PROJCS["unnamed",GEOGCS["WGS 84",DATUM["WGS_1984",SPHEROID["WGS 84",6378137,298.257223563,AUTHORITY["EPSG","7030"]],AUTHORITY["EPSG","6326"]],PRIMEM["Greenwich",0,AUTHORITY["EPSG","8901"]],UNIT["degree",0.0174532925199433,AUTHORITY["EPSG","9122"]],AUTHORITY["EPSG","4326"]],PROJECTION["Transverse_Mercator"],PARAMETER["latitude_of_origin",0],PARAMETER["central_meridian",-174.743058],PARAMETER["scale_factor",1],PARAMETER["false_easting",0],PARAMETER["false_northing",0],UNIT["Meter",1],AXIS["Easting",EAST],AXIS["Northing",NORTH]]'
2021-06-02 08:46:43|  16.4|  0.0|INFORM|FME Configuration: Source coordinate system for reader BSB_1[BSB] set to `_FME_34' as read from input data
2021-06-02 08:46:43|  16.4|  0.0|INFORM|Coordinate System `_FME_34' parameters: CS_NAME=`_FME_34' DT_NAME=`WGS84' PARM1=`-174.743058' PROJ=`TM' QUAD=`1' SCL_RED=`1.0000000000' UNIT=`METER'
2021-06-02 08:46:44|  16.7|  0.3|INFORM|Creating reader for format: Maptech BSB Nautical Chart
2021-06-02 08:46:44|  16.7|  0.0|INFORM|Trying to find a DYNAMIC plugin for reader named `BSB'
2021-06-02 08:46:44|  16.7|  0.0|INFORM|FME API version of module 'BSB' matches current internal version (3.8 20200115)
2021-06-02 08:46:44|  16.7|  0.0|INFORM|BSB reader: Directive '_READ_CHART_CS' has the value 'Yes'
2021-06-02 08:46:44|  16.7|  0.0|INFORM|BSB reader: Opening file 'C:\DB\LDS_Raster\BSB_UPDATE_20201211\BSB_ROOT\TO403\TO40302.KAP'
2021-06-02 08:46:44|  16.7|  0.1|INFORM|FME Configuration: Source coordinate system for reader BSB_1[BSB] set to `_FME_34' as read from input data
2021-06-02 08:46:44|  16.7|  0.0|INFORM|Coordinate System `_FME_34' parameters: CS_NAME=`_FME_34' DT_NAME=`WGS84' PARM1=`-174.743058' PROJ=`TM' QUAD=`1' SCL_RED=`1.0000000000' UNIT=`METER'
2021-06-02 08:46:44|  16.8|  0.1|INFORM|Creating reader for format: Maptech BSB Nautical Chart
2021-06-02 08:46:44|  16.8|  0.0|INFORM|Trying to find a DYNAMIC plugin for reader named `BSB'
2021-06-02 08:46:44|  16.8|  0.0|INFORM|FME API version of module 'BSB' matches current internal version (3.8 20200115)
2021-06-02 08:46:44|  16.8|  0.0|INFORM|BSB reader: Directive '_READ_CHART_CS' has the value 'Yes'
2021-06-02 08:46:44|  16.8|  0.0|INFORM|BSB reader: Opening file 'C:\DB\LDS_Raster\BSB_UPDATE_20201211\BSB_ROOT\TO404\TO40401.KAP'
2021-06-02 08:46:44|  17.0|  0.2|INFORM|The OGC definition of the FME coordinate system '_FME_35' is 'PROJCS["unnamed",GEOGCS["WGS 84",DATUM["WGS_1984",SPHEROID["WGS 84",6378137,298.257223563,AUTHORITY["EPSG","7030"]],AUTHORITY["EPSG","6326"]],PRIMEM["Greenwich",0,AUTHORITY["EPSG","8901"]],UNIT["degree",0.0174532925199433,AUTHORITY["EPSG","9122"]],AUTHORITY["EPSG","4326"]],PROJECTION["Transverse_Mercator"],PARAMETER["latitude_of_origin",0],PARAMETER["central_meridian",-177],PARAMETER["scale_factor",1],PARAMETER["false_easting",0],PARAMETER["false_northing",0],UNIT["Meter",1],AXIS["Easting",EAST],AXIS["Northing",NORTH]]'
2021-06-02 08:46:44|  17.0|  0.0|INFORM|FME Configuration: Source coordinate system for reader BSB_1[BSB] set to `_FME_35' as read from input data
2021-06-02 08:46:44|  17.0|  0.0|INFORM|Coordinate System `_FME_35' parameters: CS_NAME=`_FME_35' DT_NAME=`WGS84' PARM1=`-177' PROJ=`TM' QUAD=`1' SCL_RED=`1.0000000000' UNIT=`METER'
2021-06-02 08:46:45|  17.3|  0.3|INFORM|Creating reader for format: Maptech BSB Nautical Chart
2021-06-02 08:46:45|  17.3|  0.0|INFORM|Trying to find a DYNAMIC plugin for reader named `BSB'
2021-06-02 08:46:45|  17.3|  0.0|INFORM|FME API version of module 'BSB' matches current internal version (3.8 20200115)
2021-06-02 08:46:45|  17.3|  0.0|INFORM|BSB reader: Directive '_READ_CHART_CS' has the value 'Yes'
2021-06-02 08:46:45|  17.3|  0.0|INFORM|BSB reader: Opening file 'C:\DB\LDS_Raster\BSB_UPDATE_20201211\BSB_ROOT\TO404\TO40402.KAP'
2021-06-02 08:46:45|  17.3|  0.0|INFORM|FME Configuration: Source coordinate system for reader BSB_1[BSB] set to `_FME_35' as read from input data
2021-06-02 08:46:45|  17.3|  0.0|INFORM|Coordinate System `_FME_35' parameters: CS_NAME=`_FME_35' DT_NAME=`WGS84' PARM1=`-177' PROJ=`TM' QUAD=`1' SCL_RED=`1.0000000000' UNIT=`METER'
2021-06-02 08:46:45|  17.4|  0.1|INFORM|Creating reader for format: Maptech BSB Nautical Chart
2021-06-02 08:46:45|  17.4|  0.0|INFORM|Trying to find a DYNAMIC plugin for reader named `BSB'
2021-06-02 08:46:45|  17.4|  0.0|INFORM|FME API version of module 'BSB' matches current internal version (3.8 20200115)
2021-06-02 08:46:45|  17.4|  0.0|INFORM|BSB reader: Directive '_READ_CHART_CS' has the value 'Yes'
2021-06-02 08:46:45|  17.4|  0.0|INFORM|BSB reader: Opening file 'C:\DB\LDS_Raster\BSB_UPDATE_20201211\BSB_ROOT\TO501\TO50101.KAP'
2021-06-02 08:46:45|  17.5|  0.1|INFORM|The OGC definition of the FME coordinate system '_FME_36' is 'PROJCS["Global Mercator",GEOGCS["WGS 84",DATUM["WGS_1984",SPHEROID["WGS 84",6378137,298.257223563,AUTHORITY["EPSG","7030"]],AUTHORITY["EPSG","6326"]],PRIMEM["Greenwich",0,AUTHORITY["EPSG","8901"]],UNIT["degree",0.0174532925199433,AUTHORITY["EPSG","9122"]],AUTHORITY["EPSG","4326"]],PROJECTION["Mercator_2SP"],PARAMETER["standard_parallel_1",0],PARAMETER["Latitude of natural origin",0],PARAMETER["central_meridian",-175],PARAMETER["false_easting",0],PARAMETER["false_northing",0],UNIT["Meter",1],AXIS["Easting",EAST],AXIS["Northing",NORTH]]'
2021-06-02 08:46:45|  17.5|  0.0|INFORM|FME Configuration: Source coordinate system for reader BSB_1[BSB] set to `_FME_36' as read from input data
2021-06-02 08:46:45|  17.5|  0.0|INFORM|Coordinate System `_FME_36' parameters: CS_NAME=`_FME_36' DESC_NM=`Global Mercator' DT_NAME=`WGS84' PARM1=`-175' PROJ=`MRCAT' QUAD=`1' UNIT=`METER'
2021-06-02 08:46:45|  17.8|  0.3|INFORM|Creating reader for format: Maptech BSB Nautical Chart
2021-06-02 08:46:45|  17.8|  0.0|INFORM|Trying to find a DYNAMIC plugin for reader named `BSB'
2021-06-02 08:46:45|  17.8|  0.0|INFORM|FME API version of module 'BSB' matches current internal version (3.8 20200115)
2021-06-02 08:46:45|  17.8|  0.0|INFORM|BSB reader: Directive '_READ_CHART_CS' has the value 'Yes'
2021-06-02 08:46:45|  17.8|  0.0|INFORM|BSB reader: Opening file 'C:\DB\LDS_Raster\BSB_UPDATE_20201211\BSB_ROOT\TO503\TO50301.KAP'
2021-06-02 08:46:45|  17.9|  0.1|INFORM|FME Configuration: Source coordinate system for reader BSB_1[BSB] set to `_FME_36' as read from input data
2021-06-02 08:46:45|  17.9|  0.0|INFORM|Coordinate System `_FME_36' parameters: CS_NAME=`_FME_36' DESC_NM=`Global Mercator' DT_NAME=`WGS84' PARM1=`-175' PROJ=`MRCAT' QUAD=`1' UNIT=`METER'
2021-06-02 08:46:46|  18.3|  0.3|INFORM|Creating reader for format: Maptech BSB Nautical Chart
2021-06-02 08:46:46|  18.3|  0.0|INFORM|Trying to find a DYNAMIC plugin for reader named `BSB'
2021-06-02 08:46:46|  18.3|  0.0|INFORM|FME API version of module 'BSB' matches current internal version (3.8 20200115)
2021-06-02 08:46:46|  18.3|  0.0|INFORM|BSB reader: Directive '_READ_CHART_CS' has the value 'Yes'
2021-06-02 08:46:46|  18.3|  0.0|INFORM|BSB reader: Opening file 'C:\DB\LDS_Raster\BSB_UPDATE_20201211\BSB_ROOT\TO503\TO50302.KAP'
2021-06-02 08:46:46|  18.3|  0.1|INFORM|The OGC definition of the FME coordinate system '_FME_37' is 'PROJCS["unnamed",GEOGCS["WGS 84",DATUM["WGS_1984",SPHEROID["WGS 84",6378137,298.257223563,AUTHORITY["EPSG","7030"]],AUTHORITY["EPSG","6326"]],PRIMEM["Greenwich",0,AUTHORITY["EPSG","8901"]],UNIT["degree",0.0174532925199433,AUTHORITY["EPSG","9122"]],AUTHORITY["EPSG","4326"]],PROJECTION["Transverse_Mercator"],PARAMETER["latitude_of_origin",0],PARAMETER["central_meridian",-174.962917],PARAMETER["scale_factor",1],PARAMETER["false_easting",0],PARAMETER["false_northing",0],UNIT["Meter",1],AXIS["Easting",EAST],AXIS["Northing",NORTH]]'
2021-06-02 08:46:46|  18.3|  0.0|INFORM|FME Configuration: Source coordinate system for reader BSB_1[BSB] set to `_FME_37' as read from input data
2021-06-02 08:46:46|  18.3|  0.0|INFORM|Coordinate System `_FME_37' parameters: CS_NAME=`_FME_37' DT_NAME=`WGS84' PARM1=`-174.962917' PROJ=`TM' QUAD=`1' SCL_RED=`1.0000000000' UNIT=`METER'
2021-06-02 08:46:46|  18.4|  0.1|INFORM|MULTI_READER(BSB_1): Done reading 51 features from 51 readers
2021-06-02 08:46:46|  18.4|  0.0|INFORM|FME Configuration: Using connection values from 'DHPD_DEV' for ORACLE_SPATIAL_1
2021-06-02 08:46:46|  18.4|  0.0|INFORM|Creating reader for format: Oracle Spatial Object
2021-06-02 08:46:46|  18.4|  0.0|INFORM|ORACLE Reader: Using Oracle Reader to read tables from database `', server type `ORACLE8i', server name `DHPD', user name `lhsphpd', password `***'
2021-06-02 08:46:46|  18.4|  0.0|INFORM|ORACLE Reader: Using Rich geometry.
2021-06-02 08:46:46|  18.4|  0.0|INFORM|ORACLE_SPATIAL reader: Building features into bulk mode features
2021-06-02 08:46:46|  18.4|  0.0|INFORM|Column `LLDG_GEOM' of table `LHSPHPD.LLDG_GEOM_TEST' has been chosen to hold the geometry
2021-06-02 08:46:46|  18.4|  0.0|INFORM|ORACLE Reader: Executing SQL Statement `SELECT "LHSPHPD"."LLDG_GEOM_TEST"."STRINGVAL", "LHSPHPD"."LLDG_GEOM_TEST"."CHARTVER_ID", "LHSPHPD"."LLDG_GEOM_TEST"."PANELVER_ID", "LHSPHPD"."LLDG_GEOM_TEST"."REP_ID", "LHSPHPD"."LLDG_GEOM_TEST"."LLDG_GEOM" FROM "LHSPHPD"."LLDG_GEOM_TEST"' to obtain features for feature type `LHSPHPD.LLDG_GEOM_TEST'
2021-06-02 08:46:46|  18.4|  0.0|WARN  |Metadata does not exist for column 'LLDG_GEOM' of table 'LLDG_GEOM_TEST' -- geometry will be assumed to be 2D
2021-06-02 08:46:46|  18.5|  0.1|INFORM|MULTI_READER(MULTI_READER): Done reading 726 features from 2 readers
2021-06-02 08:46:46|  18.5|  0.0|INFORM|Emptying factory pipeline
2021-06-02 08:46:46|  18.5|  0.0|STATS |Router and Unexpected Input Remover (RoutingFactory): Tested 726 input feature(s), wrote 726 output feature(s): 726 matched merge filters, 726 were routed to output, 0 could not be routed.
2021-06-02 08:46:46|  18.5|  0.0|STATS |Unexpected Input Remover Nuker (TeeFactory): Cloned 0 input feature(s) into 0 output feature(s)
2021-06-02 08:46:46|  18.5|  0.0|STATS |LHSPHPD.LLDG_GEOM_TEST_ORACLE_SPATIAL_1 Splitter (TeeFactory): Cloned 675 input feature(s) into 0 output feature(s)
2021-06-02 08:46:46|  18.5|  0.0|STATS |BSB_BSB_1 Splitter (TeeFactory): Cloned 51 input feature(s) into 51 output feature(s)
2021-06-02 08:46:46|  18.5|  0.0|STATS |BSB_BSB_1 Feature Counter -1 13 (TeeFactory): Cloned 51 input feature(s) into 51 output feature(s)
2021-06-02 08:46:46|  18.5|  0.0|STATS |SQLCreator_Creator (CreationFactory): Created 1 features
2021-06-02 08:46:46|  18.5|  0.0|STATS |SQLCreator RESULT Transformer Output Nuker (TeeFactory): Cloned 3 input feature(s) into 0 output feature(s)
2021-06-02 08:46:46|  18.5|  0.0|STATS |SQLCreator_<REJECTED> Feature Counter -1 2147614730 (TeeFactory): Cloned 0 input feature(s) into 0 output feature(s)
2021-06-02 08:46:46|  18.5|  0.0|STATS |SQLCreator_<Rejected> (TeeFactory): Cloned 0 input feature(s) into 0 output feature(s)
2021-06-02 08:46:46|  18.5|  0.0|STATS |_CREATOR_BRANCH_TARGET (TeeFactory): Cloned 51 input feature(s) into 51 output feature(s)
2021-06-02 08:46:46|  18.5|  0.0|STATS |Destination Feature Type Routing Correlator (RoutingFactory): Tested 51 input feature(s), wrote 51 output feature(s): 0 matched merge filters, 51 were routed to output, 0 could not be routed.
2021-06-02 08:46:46|  18.5|  0.0|STATS |Final Output Nuker (TeeFactory): Cloned 0 input feature(s) into 0 output feature(s)
2021-06-02 08:46:46|  18.5|  0.0|STATS |Stored 51 feature(s) to FME feature store file `C:\Users\DPark\AppData\Local\Temp\wb-inspectors-GYiQaA\inspector.ffs'
2021-06-02 08:46:46|  18.5|  0.0|INFORM|Saving spatial index into file 'C:\Users\DPark\AppData\Local\Temp\wb-inspectors-GYiQaA\inspector.fsi'
2021-06-02 08:46:46|  18.5|  0.0|INFORM|Finished saving spatial index into file 'C:\Users\DPark\AppData\Local\Temp\wb-inspectors-GYiQaA\inspector.fsi'
2021-06-02 08:46:46|  18.5|  0.0|STATS |_fme_basename Output Nuker (TeeFactory): Cloned 0 input feature(s) into 0 output feature(s)
2021-06-02 08:46:46|  18.5|  0.0|STATS |VisualizerProcessor (CreationFactory): Created 1 features
2021-06-02 08:46:46|  18.5|  0.0|STATS |VisualizerCleaner (TeeFactory): Cloned 1 input feature(s) into 0 output feature(s)
2021-06-02 08:46:46|  18.5|  0.0|STATS |=-=-=-=-=-=-=-=-=-=-=-=-=-=-=-=-=-=-=-=-=-=-=-=-=-=-=-=-=-=-=-=-=-=-=-=-=-=-=-
2021-06-02 08:46:46|  18.5|  0.0|STATS |                            Features Read Summary
2021-06-02 08:46:46|  18.5|  0.0|STATS |=-=-=-=-=-=-=-=-=-=-=-=-=-=-=-=-=-=-=-=-=-=-=-=-=-=-=-=-=-=-=-=-=-=-=-=-=-=-=-
2021-06-02 08:46:46|  18.5|  0.0|STATS |BSB                                                                         51
2021-06-02 08:46:46|  18.5|  0.0|STATS |LHSPHPD.LLDG_GEOM_TEST                                                     675
2021-06-02 08:46:46|  18.5|  0.0|STATS |==============================================================================
2021-06-02 08:46:46|  18.5|  0.0|STATS |Total Features Read                                                        726
2021-06-02 08:46:46|  18.5|  0.0|STATS |=-=-=-=-=-=-=-=-=-=-=-=-=-=-=-=-=-=-=-=-=-=-=-=-=-=-=-=-=-=-=-=-=-=-=-=-=-=-=-
2021-06-02 08:46:46|  18.5|  0.0|STATS |=-=-=-=-=-=-=-=-=-=-=-=-=-=-=-=-=-=-=-=-=-=-=-=-=-=-=-=-=-=-=-=-=-=-=-=-=-=-=-
2021-06-02 08:46:46|  18.5|  0.0|STATS |                           Features Written Summary
2021-06-02 08:46:46|  18.5|  0.0|STATS |=-=-=-=-=-=-=-=-=-=-=-=-=-=-=-=-=-=-=-=-=-=-=-=-=-=-=-=-=-=-=-=-=-=-=-=-=-=-=-
2021-06-02 08:46:46|  18.5|  0.0|STATS |==============================================================================
2021-06-02 08:46:46|  18.5|  0.0|STATS |Total Features Written                                                       0
2021-06-02 08:46:46|  18.5|  0.0|STATS |=-=-=-=-=-=-=-=-=-=-=-=-=-=-=-=-=-=-=-=-=-=-=-=-=-=-=-=-=-=-=-=-=-=-=-=-=-=-=-
2021-06-02 08:46:46|  18.5|  0.0|WARN  |-~-~-~-~-~-~-~-~-~-~-~-~-~-~-~-~-~-~-~-~-~-~-~-~-~-~-~-~-~-~-~-~-~-~-~-~-~-~-~-~-
2021-06-02 08:46:46|  18.5|  0.0|WARN  |-~                                                                             ~-
2021-06-02 08:46:46|  18.5|  0.0|WARN  |-~     *** All writer output has been redirected to the Data Inspector ***     ~-
2021-06-02 08:46:46|  18.5|  0.0|WARN  |-~                                                                             ~-
2021-06-02 08:46:46|  18.5|  0.0|WARN  |-~-~-~-~-~-~-~-~-~-~-~-~-~-~-~-~-~-~-~-~-~-~-~-~-~-~-~-~-~-~-~-~-~-~-~-~-~-~-~-~-
2021-06-02 08:46:46|  18.5|  0.0|INFORM|Translation was SUCCESSFUL with 8 warning(s) (0 feature(s) output)
2021-06-02 08:46:46|  18.5|  0.0|INFORM|FME Session Duration: 25.9 seconds. (CPU: 6.0s user, 11.8s system)
2021-06-02 08:46:46|  18.5|  0.0|INFORM|END - ProcessID: 14612, peak process memory usage: 246536 kB, current process memory usage: 138716 kB
